Started by user [8mha:////4H7tH4cGm0Ac/AiihKrLIwEd2nXJxwrCez+DjY5r60J0AAAAlx+LCAAAAAAAAP9b85aBtbiIQTGjNKU4P08vOT+vOD8nVc83PyU1x6OyILUoJzMv2y+/JJUBAhiZGBgqihhk0NSjKDWzXb3RdlLBUSYGJk8GtpzUvPSSDB8G5tKinBIGIZ+sxLJE/ZzEvHT94JKizLx0a6BxUmjGOUNodHsLgAzWEgZu/dLi1CL9xJTczDwAj6GcLcAAAAA=[0madmin
Running as SYSTEM
Building remotely on [8mha:////4ElMihwaK2FtudSbesRzSPz9u/BSolYWKf+2zKVq/gVTAAAAmR+LCAAAAAAAAP9b85aBtbiIQTGjNKU4P08vOT+vOD8nVc83PyU1x6OyILUoJzMv2y+/JJUBAhiZGBgqihhk0NSjKDWzXb3RdlLBUSYGJk8GtpzUvPSSDB8G5tKinBIGIZ+sxLJE/ZzEvHT94JKizLx0a6BxUmjGOUNodHsLgAzmEgZe/eT83ILSktQi/fLMPAB7LlwSwgAAAA==[0mwin in workspace C:\jenkins\workspace\softw-test
The recommended git tool is: NONE
No credentials specified
 > git rev-parse --resolve-git-dir C:\jenkins\workspace\softw-test\.git # timeout=10
Fetching changes from the remote Git repository
 > git config remote.origin.url https://github.com/ssrrandj/vprofile-project.git # timeout=10
Fetching upstream changes from https://github.com/ssrrandj/vprofile-project.git
 > git --version # timeout=10
 > git --version # 'git version 2.47.1.windows.1'
 > git fetch --tags --force --progress -- https://github.com/ssrrandj/vprofile-project.git +refs/heads/*:refs/remotes/origin/* # timeout=10
 > git rev-parse "refs/remotes/origin/seleniumSuite^{commit}" # timeout=10
Checking out Revision bbf2fa88a71d21964231ec55cb584475240503ef (refs/remotes/origin/seleniumSuite)
 > git config core.sparsecheckout # timeout=10
 > git checkout -f bbf2fa88a71d21964231ec55cb584475240503ef # timeout=10
Commit message: "chrome driver version 104"
 > git rev-list --no-walk bbf2fa88a71d21964231ec55cb584475240503ef # timeout=10
[softw-test] $ cmd /c call C:\Users\ADMINI~1\AppData\Local\Temp\2\jenkins6089748671334541223.bat

C:\jenkins\workspace\softw-test>echo package DevOPS.devOPS;  1>src\test\java\DevOPS\devOPS\Variables.java 

C:\jenkins\workspace\softw-test>echo public class Variables {  1>>src\test\java\DevOPS\devOPS\Variables.java 

C:\jenkins\workspace\softw-test>echo 	public static final String URL ="http://172.31.4.165:8080/vproapp/login";  1>>src\test\java\DevOPS\devOPS\Variables.java 

C:\jenkins\workspace\softw-test>echo 	public static final String UserName ="admin_vp";  1>>src\test\java\DevOPS\devOPS\Variables.java 

C:\jenkins\workspace\softw-test>echo 	public static final String Password ="admin_vp";  1>>src\test\java\DevOPS\devOPS\Variables.java 

C:\jenkins\workspace\softw-test>echo 	public static final String ScreenShotPath ="C:\\jenkins\\screenshots";  1>>src\test\java\DevOPS\devOPS\Variables.java 

C:\jenkins\workspace\softw-test>echo } 1>>src\test\java\DevOPS\devOPS\Variables.java 

C:\jenkins\workspace\softw-test>exit 0 
[softw-test] $ cmd.exe /C "mvn test -Dsurefire.suitXmlFiles=testing.xml -X && exit %%ERRORLEVEL%%"
Apache Maven 3.9.9 (8e8579a9e76f7d015ee5ec7bfcdc97d260186937)
Maven home: C:\ProgramData\chocolatey\lib\maven\apache-maven-3.9.9
Java version: 17.0.13, vendor: Eclipse Adoptium, runtime: C:\Program Files\Eclipse Adoptium\jdk-17.0.13.11-hotspot
Default locale: en_US, platform encoding: Cp1252
OS name: "windows server 2022", version: "10.0", arch: "amd64", family: "windows"
[DEBUG] Created new class realm maven.api
[DEBUG] Importing foreign packages into class realm maven.api
[DEBUG]   Imported: javax.annotation.* < plexus.core
[DEBUG]   Imported: javax.annotation.security.* < plexus.core
[DEBUG]   Imported: javax.inject.* < plexus.core
[DEBUG]   Imported: org.apache.maven.* < plexus.core
[DEBUG]   Imported: org.apache.maven.artifact < plexus.core
[DEBUG]   Imported: org.apache.maven.classrealm < plexus.core
[DEBUG]   Imported: org.apache.maven.cli < plexus.core
[DEBUG]   Imported: org.apache.maven.configuration < plexus.core
[DEBUG]   Imported: org.apache.maven.exception < plexus.core
[DEBUG]   Imported: org.apache.maven.execution < plexus.core
[DEBUG]   Imported: org.apache.maven.execution.scope < plexus.core
[DEBUG]   Imported: org.apache.maven.graph < plexus.core
[DEBUG]   Imported: org.apache.maven.lifecycle < plexus.core
[DEBUG]   Imported: org.apache.maven.model < plexus.core
[DEBUG]   Imported: org.apache.maven.monitor < plexus.core
[DEBUG]   Imported: org.apache.maven.plugin < plexus.core
[DEBUG]   Imported: org.apache.maven.profiles < plexus.core
[DEBUG]   Imported: org.apache.maven.project < plexus.core
[DEBUG]   Imported: org.apache.maven.reporting < plexus.core
[DEBUG]   Imported: org.apache.maven.repository < plexus.core
[DEBUG]   Imported: org.apache.maven.rtinfo < plexus.core
[DEBUG]   Imported: org.apache.maven.settings < plexus.core
[DEBUG]   Imported: org.apache.maven.toolchain < plexus.core
[DEBUG]   Imported: org.apache.maven.usability < plexus.core
[DEBUG]   Imported: org.apache.maven.wagon.* < plexus.core
[DEBUG]   Imported: org.apache.maven.wagon.authentication < plexus.core
[DEBUG]   Imported: org.apache.maven.wagon.authorization < plexus.core
[DEBUG]   Imported: org.apache.maven.wagon.events < plexus.core
[DEBUG]   Imported: org.apache.maven.wagon.observers < plexus.core
[DEBUG]   Imported: org.apache.maven.wagon.proxy < plexus.core
[DEBUG]   Imported: org.apache.maven.wagon.repository < plexus.core
[DEBUG]   Imported: org.apache.maven.wagon.resource < plexus.core
[DEBUG]   Imported: org.codehaus.classworlds < plexus.core
[DEBUG]   Imported: org.codehaus.plexus.* < plexus.core
[DEBUG]   Imported: org.codehaus.plexus.classworlds < plexus.core
[DEBUG]   Imported: org.codehaus.plexus.component < plexus.core
[DEBUG]   Imported: org.codehaus.plexus.configuration < plexus.core
[DEBUG]   Imported: org.codehaus.plexus.container < plexus.core
[DEBUG]   Imported: org.codehaus.plexus.context < plexus.core
[DEBUG]   Imported: org.codehaus.plexus.lifecycle < plexus.core
[DEBUG]   Imported: org.codehaus.plexus.logging < plexus.core
[DEBUG]   Imported: org.codehaus.plexus.personality < plexus.core
[DEBUG]   Imported: org.codehaus.plexus.util.xml.Xpp3Dom < plexus.core
[DEBUG]   Imported: org.codehaus.plexus.util.xml.pull.XmlPullParser < plexus.core
[DEBUG]   Imported: org.codehaus.plexus.util.xml.pull.XmlPullParserException < plexus.core
[DEBUG]   Imported: org.codehaus.plexus.util.xml.pull.XmlSerializer < plexus.core
[DEBUG]   Imported: org.eclipse.aether.* < plexus.core
[DEBUG]   Imported: org.eclipse.aether.artifact < plexus.core
[DEBUG]   Imported: org.eclipse.aether.collection < plexus.core
[DEBUG]   Imported: org.eclipse.aether.deployment < plexus.core
[DEBUG]   Imported: org.eclipse.aether.graph < plexus.core
[DEBUG]   Imported: org.eclipse.aether.impl < plexus.core
[DEBUG]   Imported: org.eclipse.aether.installation < plexus.core
[DEBUG]   Imported: org.eclipse.aether.internal.impl < plexus.core
[DEBUG]   Imported: org.eclipse.aether.metadata < plexus.core
[DEBUG]   Imported: org.eclipse.aether.repository < plexus.core
[DEBUG]   Imported: org.eclipse.aether.resolution < plexus.core
[DEBUG]   Imported: org.eclipse.aether.spi < plexus.core
[DEBUG]   Imported: org.eclipse.aether.transfer < plexus.core
[DEBUG]   Imported: org.eclipse.aether.util < plexus.core
[DEBUG]   Imported: org.eclipse.aether.version < plexus.core
[DEBUG]   Imported: org.fusesource.jansi.* < plexus.core
[DEBUG]   Imported: org.slf4j.* < plexus.core
[DEBUG]   Imported: org.slf4j.event.* < plexus.core
[DEBUG]   Imported: org.slf4j.helpers.* < plexus.core
[DEBUG]   Imported: org.slf4j.spi.* < plexus.core
[DEBUG] Populating class realm maven.api
[DEBUG] Created adapter factory; available factories [file-lock, rwlock-local, semaphore-local, noop]; available name mappers [discriminating, file-gav, file-hgav, file-static, gav, static]
[INFO] Error stacktraces are turned on.
[DEBUG] Message scheme: color
[DEBUG] Message styles: debug info warning error success failure strong mojo project
[DEBUG] Reading global settings from C:\ProgramData\chocolatey\lib\maven\apache-maven-3.9.9\conf\settings.xml
[DEBUG] Reading user settings from C:\Users\Administrator\.m2\settings.xml
[DEBUG] Reading global toolchains from C:\ProgramData\chocolatey\lib\maven\apache-maven-3.9.9\conf\toolchains.xml
[DEBUG] Reading user toolchains from C:\Users\Administrator\.m2\toolchains.xml
[DEBUG] Using local repository at C:\Users\Administrator\.m2\repository
[DEBUG] Using manager EnhancedLocalRepositoryManager with priority 10.0 for C:\Users\Administrator\.m2\repository
[INFO] Scanning for projects...
[DEBUG] Extension realms for project DevOPS:devOPS:jar:0.0.1-SNAPSHOT: (none)
[DEBUG] Looking up lifecycle mappings for packaging jar from ClassRealm[plexus.core, parent: null]
[8mha:////4DmSatGF3+5HVJU+93UABZ7IhcTQGBAxeF2QdsidmOtnAAAAYh+LCAAAAAAAAP9b85aBtbiIQSWjNKU4P0+vJLE4u1gvPjexLDVPzxdEhicW5WXmpfvll6SeOJwgmrt9CSsTA0NFEYMUVEtyfl5xfk6qnjOEBilkgABGkMICAEQzmI1iAAAA[0m[WARNING] 
[8mha:////4DmSatGF3+5HVJU+93UABZ7IhcTQGBAxeF2QdsidmOtnAAAAYh+LCAAAAAAAAP9b85aBtbiIQSWjNKU4P0+vJLE4u1gvPjexLDVPzxdEhicW5WXmpfvll6SeOJwgmrt9CSsTA0NFEYMUVEtyfl5xfk6qnjOEBilkgABGkMICAEQzmI1iAAAA[0m[WARNING] Some problems were encountered while building the effective model for DevOPS:devOPS:jar:0.0.1-SNAPSHOT
[8mha:////4DmSatGF3+5HVJU+93UABZ7IhcTQGBAxeF2QdsidmOtnAAAAYh+LCAAAAAAAAP9b85aBtbiIQSWjNKU4P0+vJLE4u1gvPjexLDVPzxdEhicW5WXmpfvll6SeOJwgmrt9CSsTA0NFEYMUVEtyfl5xfk6qnjOEBilkgABGkMICAEQzmI1iAAAA[0m[WARNING] 'build.pluginManagement.plugins.plugin.(groupId:artifactId)' must be unique but found duplicate declaration of plugin org.apache.maven.plugins:maven-surefire-plugin @ line 129, column 19
[8mha:////4DmSatGF3+5HVJU+93UABZ7IhcTQGBAxeF2QdsidmOtnAAAAYh+LCAAAAAAAAP9b85aBtbiIQSWjNKU4P0+vJLE4u1gvPjexLDVPzxdEhicW5WXmpfvll6SeOJwgmrt9CSsTA0NFEYMUVEtyfl5xfk6qnjOEBilkgABGkMICAEQzmI1iAAAA[0m[WARNING] 
[8mha:////4DmSatGF3+5HVJU+93UABZ7IhcTQGBAxeF2QdsidmOtnAAAAYh+LCAAAAAAAAP9b85aBtbiIQSWjNKU4P0+vJLE4u1gvPjexLDVPzxdEhicW5WXmpfvll6SeOJwgmrt9CSsTA0NFEYMUVEtyfl5xfk6qnjOEBilkgABGkMICAEQzmI1iAAAA[0m[WARNING] It is highly recommended to fix these problems because they threaten the stability of your build.
[8mha:////4DmSatGF3+5HVJU+93UABZ7IhcTQGBAxeF2QdsidmOtnAAAAYh+LCAAAAAAAAP9b85aBtbiIQSWjNKU4P0+vJLE4u1gvPjexLDVPzxdEhicW5WXmpfvll6SeOJwgmrt9CSsTA0NFEYMUVEtyfl5xfk6qnjOEBilkgABGkMICAEQzmI1iAAAA[0m[WARNING] 
[8mha:////4DmSatGF3+5HVJU+93UABZ7IhcTQGBAxeF2QdsidmOtnAAAAYh+LCAAAAAAAAP9b85aBtbiIQSWjNKU4P0+vJLE4u1gvPjexLDVPzxdEhicW5WXmpfvll6SeOJwgmrt9CSsTA0NFEYMUVEtyfl5xfk6qnjOEBilkgABGkMICAEQzmI1iAAAA[0m[WARNING] For this reason, future Maven versions might no longer support building such malformed projects.
[8mha:////4DmSatGF3+5HVJU+93UABZ7IhcTQGBAxeF2QdsidmOtnAAAAYh+LCAAAAAAAAP9b85aBtbiIQSWjNKU4P0+vJLE4u1gvPjexLDVPzxdEhicW5WXmpfvll6SeOJwgmrt9CSsTA0NFEYMUVEtyfl5xfk6qnjOEBilkgABGkMICAEQzmI1iAAAA[0m[WARNING] 
[DEBUG] === REACTOR BUILD PLAN ================================================
[DEBUG] Project: DevOPS:devOPS:jar:0.0.1-SNAPSHOT
[DEBUG] Tasks:   [test]
[DEBUG] Style:   Regular
[DEBUG] =======================================================================
[INFO] 
[INFO] ---------------------------< DevOPS:devOPS >----------------------------
[INFO] Building devOPS 0.0.1-SNAPSHOT
[INFO]   from pom.xml
[INFO] --------------------------------[ jar ]---------------------------------
[DEBUG] Lifecycle clean -> [pre-clean, clean, post-clean]
[DEBUG] Lifecycle default -> [validate, initialize, generate-sources, process-sources, generate-resources, process-resources, compile, process-classes, generate-test-sources, process-test-sources, generate-test-resources, process-test-resources, test-compile, process-test-classes, test, prepare-package, package, pre-integration-test, integration-test, post-integration-test, verify, install, deploy]
[DEBUG] Lifecycle site -> [pre-site, site, post-site, site-deploy]
[DEBUG] Creating adapter using nameMapper 'gav' and factory 'rwlock-local'
[DEBUG] Lifecycle clean -> [pre-clean, clean, post-clean]
[DEBUG] Lifecycle default -> [validate, initialize, generate-sources, process-sources, generate-resources, process-resources, compile, process-classes, generate-test-sources, process-test-sources, generate-test-resources, process-test-resources, test-compile, process-test-classes, test, prepare-package, package, pre-integration-test, integration-test, post-integration-test, verify, install, deploy]
[DEBUG] Lifecycle site -> [pre-site, site, post-site, site-deploy]
[DEBUG] Lifecycle clean -> [pre-clean, clean, post-clean]
[DEBUG] Lifecycle default -> [validate, initialize, generate-sources, process-sources, generate-resources, process-resources, compile, process-classes, generate-test-sources, process-test-sources, generate-test-resources, process-test-resources, test-compile, process-test-classes, test, prepare-package, package, pre-integration-test, integration-test, post-integration-test, verify, install, deploy]
[DEBUG] Lifecycle site -> [pre-site, site, post-site, site-deploy]
[DEBUG] Lifecycle clean -> [pre-clean, clean, post-clean]
[DEBUG] Lifecycle default -> [validate, initialize, generate-sources, process-sources, generate-resources, process-resources, compile, process-classes, generate-test-sources, process-test-sources, generate-test-resources, process-test-resources, test-compile, process-test-classes, test, prepare-package, package, pre-integration-test, integration-test, post-integration-test, verify, install, deploy]
[DEBUG] Lifecycle site -> [pre-site, site, post-site, site-deploy]
[DEBUG] Lifecycle clean -> [pre-clean, clean, post-clean]
[DEBUG] Lifecycle default -> [validate, initialize, generate-sources, process-sources, generate-resources, process-resources, compile, process-classes, generate-test-sources, process-test-sources, generate-test-resources, process-test-resources, test-compile, process-test-classes, test, prepare-package, package, pre-integration-test, integration-test, post-integration-test, verify, install, deploy]
[DEBUG] Lifecycle site -> [pre-site, site, post-site, site-deploy]
[DEBUG] Lifecycle clean -> [pre-clean, clean, post-clean]
[DEBUG] Lifecycle default -> [validate, initialize, generate-sources, process-sources, generate-resources, process-resources, compile, process-classes, generate-test-sources, process-test-sources, generate-test-resources, process-test-resources, test-compile, process-test-classes, test, prepare-package, package, pre-integration-test, integration-test, post-integration-test, verify, install, deploy]
[DEBUG] Lifecycle site -> [pre-site, site, post-site, site-deploy]
[DEBUG] === PROJECT BUILD PLAN ================================================
[DEBUG] Project:       DevOPS:devOPS:0.0.1-SNAPSHOT
[DEBUG] Dependencies (collect): []
[DEBUG] Dependencies (resolve): [compile, test]
[DEBUG] Repositories (dependencies): [central (https://repo.maven.apache.org/maven2, default, releases)]
[DEBUG] Repositories (plugins)     : [central (https://repo.maven.apache.org/maven2, default, releases)]
[DEBUG] -----------------------------------------------------------------------
[DEBUG] Goal:          org.apache.maven.plugins:maven-resources-plugin:3.0.2:resources (default-resources)
[DEBUG] Style:         Regular
[DEBUG] Configuration: <?xml version="1.0" encoding="UTF-8"?>
<configuration>
  <addDefaultExcludes default-value="true"/>
  <buildFilters default-value="${project.build.filters}"/>
  <encoding default-value="${project.build.sourceEncoding}"/>
  <escapeWindowsPaths default-value="true"/>
  <fileNameFiltering default-value="false"/>
  <includeEmptyDirs default-value="false"/>
  <outputDirectory default-value="${project.build.outputDirectory}"/>
  <overwrite default-value="false"/>
  <project default-value="${project}"/>
  <resources default-value="${project.resources}"/>
  <session default-value="${session}"/>
  <skip default-value="false">${maven.resources.skip}</skip>
  <supportMultiLineFiltering default-value="false"/>
  <useBuildFilters default-value="true"/>
  <useDefaultDelimiters default-value="true"/>
</configuration>
[DEBUG] -----------------------------------------------------------------------
[DEBUG] Goal:          org.apache.maven.plugins:maven-compiler-plugin:3.8.0:compile (default-compile)
[DEBUG] Style:         Regular
[DEBUG] Configuration: <?xml version="1.0" encoding="UTF-8"?>
<configuration>
  <basedir default-value="${basedir}"/>
  <buildDirectory default-value="${project.build.directory}"/>
  <compilePath default-value="${project.compileClasspathElements}"/>
  <compileSourceRoots default-value="${project.compileSourceRoots}"/>
  <compilerId default-value="javac">${maven.compiler.compilerId}</compilerId>
  <compilerReuseStrategy default-value="${reuseCreated}">${maven.compiler.compilerReuseStrategy}</compilerReuseStrategy>
  <compilerVersion>${maven.compiler.compilerVersion}</compilerVersion>
  <debug default-value="true">${maven.compiler.debug}</debug>
  <debuglevel>${maven.compiler.debuglevel}</debuglevel>
  <encoding default-value="${project.build.sourceEncoding}">${encoding}</encoding>
  <executable>${maven.compiler.executable}</executable>
  <failOnError default-value="true">${maven.compiler.failOnError}</failOnError>
  <failOnWarning default-value="false">${maven.compiler.failOnWarning}</failOnWarning>
  <forceJavacCompilerUse default-value="false">${maven.compiler.forceJavacCompilerUse}</forceJavacCompilerUse>
  <fork default-value="false">${maven.compiler.fork}</fork>
  <generatedSourcesDirectory default-value="${project.build.directory}/generated-sources/annotations"/>
  <maxmem>${maven.compiler.maxmem}</maxmem>
  <meminitial>${maven.compiler.meminitial}</meminitial>
  <mojoExecution default-value="${mojoExecution}"/>
  <optimize default-value="false">${maven.compiler.optimize}</optimize>
  <outputDirectory default-value="${project.build.outputDirectory}"/>
  <parameters default-value="false">${maven.compiler.parameters}</parameters>
  <project default-value="${project}"/>
  <projectArtifact default-value="${project.artifact}"/>
  <release>${maven.compiler.release}</release>
  <session default-value="${session}"/>
  <showDeprecation default-value="false">${maven.compiler.showDeprecation}</showDeprecation>
  <showWarnings default-value="false">${maven.compiler.showWarnings}</showWarnings>
  <skipMain>${maven.main.skip}</skipMain>
  <skipMultiThreadWarning default-value="false">${maven.compiler.skipMultiThreadWarning}</skipMultiThreadWarning>
  <source default-value="1.6">${maven.compiler.source}</source>
  <staleMillis default-value="0">${lastModGranularityMs}</staleMillis>
  <target default-value="1.6">${maven.compiler.target}</target>
  <useIncrementalCompilation default-value="true">${maven.compiler.useIncrementalCompilation}</useIncrementalCompilation>
  <verbose default-value="false">${maven.compiler.verbose}</verbose>
</configuration>
[DEBUG] -----------------------------------------------------------------------
[DEBUG] Goal:          org.apache.maven.plugins:maven-resources-plugin:3.0.2:testResources (default-testResources)
[DEBUG] Style:         Regular
[DEBUG] Configuration: <?xml version="1.0" encoding="UTF-8"?>
<configuration>
  <addDefaultExcludes default-value="true"/>
  <buildFilters default-value="${project.build.filters}"/>
  <encoding default-value="${project.build.sourceEncoding}"/>
  <escapeWindowsPaths default-value="true"/>
  <fileNameFiltering default-value="false"/>
  <includeEmptyDirs default-value="false"/>
  <outputDirectory default-value="${project.build.testOutputDirectory}"/>
  <overwrite default-value="false"/>
  <project default-value="${project}"/>
  <resources default-value="${project.testResources}"/>
  <session default-value="${session}"/>
  <skip default-value="false">${maven.test.skip}</skip>
  <supportMultiLineFiltering default-value="false"/>
  <useBuildFilters default-value="true"/>
  <useDefaultDelimiters default-value="true"/>
</configuration>
[DEBUG] -----------------------------------------------------------------------
[DEBUG] Goal:          org.apache.maven.plugins:maven-compiler-plugin:3.8.0:testCompile (default-testCompile)
[DEBUG] Style:         Regular
[DEBUG] Configuration: <?xml version="1.0" encoding="UTF-8"?>
<configuration>
  <basedir default-value="${basedir}"/>
  <buildDirectory default-value="${project.build.directory}"/>
  <compilePath default-value="${project.compileClasspathElements}"/>
  <compileSourceRoots default-value="${project.testCompileSourceRoots}"/>
  <compilerId default-value="javac">${maven.compiler.compilerId}</compilerId>
  <compilerReuseStrategy default-value="${reuseCreated}">${maven.compiler.compilerReuseStrategy}</compilerReuseStrategy>
  <compilerVersion>${maven.compiler.compilerVersion}</compilerVersion>
  <debug default-value="true">${maven.compiler.debug}</debug>
  <debuglevel>${maven.compiler.debuglevel}</debuglevel>
  <encoding default-value="${project.build.sourceEncoding}">${encoding}</encoding>
  <executable>${maven.compiler.executable}</executable>
  <failOnError default-value="true">${maven.compiler.failOnError}</failOnError>
  <failOnWarning default-value="false">${maven.compiler.failOnWarning}</failOnWarning>
  <forceJavacCompilerUse default-value="false">${maven.compiler.forceJavacCompilerUse}</forceJavacCompilerUse>
  <fork default-value="false">${maven.compiler.fork}</fork>
  <generatedTestSourcesDirectory default-value="${project.build.directory}/generated-test-sources/test-annotations"/>
  <maxmem>${maven.compiler.maxmem}</maxmem>
  <meminitial>${maven.compiler.meminitial}</meminitial>
  <mojoExecution default-value="${mojoExecution}"/>
  <optimize default-value="false">${maven.compiler.optimize}</optimize>
  <outputDirectory default-value="${project.build.testOutputDirectory}"/>
  <parameters default-value="false">${maven.compiler.parameters}</parameters>
  <project default-value="${project}"/>
  <release>${maven.compiler.release}</release>
  <session default-value="${session}"/>
  <showDeprecation default-value="false">${maven.compiler.showDeprecation}</showDeprecation>
  <showWarnings default-value="false">${maven.compiler.showWarnings}</showWarnings>
  <skip>${maven.test.skip}</skip>
  <skipMultiThreadWarning default-value="false">${maven.compiler.skipMultiThreadWarning}</skipMultiThreadWarning>
  <source default-value="1.6">${maven.compiler.source}</source>
  <staleMillis default-value="0">${lastModGranularityMs}</staleMillis>
  <target default-value="1.6">${maven.compiler.target}</target>
  <testPath default-value="${project.testClasspathElements}"/>
  <testRelease>${maven.compiler.testRelease}</testRelease>
  <testSource>${maven.compiler.testSource}</testSource>
  <testTarget>${maven.compiler.testTarget}</testTarget>
  <useIncrementalCompilation default-value="true">${maven.compiler.useIncrementalCompilation}</useIncrementalCompilation>
  <verbose default-value="false">${maven.compiler.verbose}</verbose>
</configuration>
[DEBUG] -----------------------------------------------------------------------
[DEBUG] Goal:          org.apache.maven.plugins:maven-surefire-plugin:2.20.1:test (default-test)
[DEBUG] Style:         Regular
[DEBUG] Configuration: <?xml version="1.0" encoding="UTF-8"?>
<configuration>
  <additionalClasspathElements>${maven.test.additionalClasspath}</additionalClasspathElements>
  <argLine>${argLine}</argLine>
  <basedir default-value="${basedir}"/>
  <childDelegation default-value="false">${childDelegation}</childDelegation>
  <classesDirectory default-value="${project.build.outputDirectory}"/>
  <classpathDependencyExcludes>${maven.test.dependency.excludes}</classpathDependencyExcludes>
  <debugForkedProcess>${maven.surefire.debug}</debugForkedProcess>
  <dependenciesToScan>${dependenciesToScan}</dependenciesToScan>
  <disableXmlReport default-value="false">${disableXmlReport}</disableXmlReport>
  <enableAssertions default-value="true">${enableAssertions}</enableAssertions>
  <excludedGroups>${excludedGroups}</excludedGroups>
  <excludesFile>${surefire.excludesFile}</excludesFile>
  <failIfNoSpecifiedTests>${surefire.failIfNoSpecifiedTests}</failIfNoSpecifiedTests>
  <failIfNoTests>${failIfNoTests}</failIfNoTests>
  <forkCount default-value="1">${forkCount}</forkCount>
  <forkMode default-value="once">${forkMode}</forkMode>
  <forkedProcessExitTimeoutInSeconds default-value="30">${surefire.exitTimeout}</forkedProcessExitTimeoutInSeconds>
  <forkedProcessTimeoutInSeconds>${surefire.timeout}</forkedProcessTimeoutInSeconds>
  <groups>${groups}</groups>
  <includesFile>${surefire.includesFile}</includesFile>
  <junitArtifactName default-value="junit:junit">${junitArtifactName}</junitArtifactName>
  <jvm>${jvm}</jvm>
  <localRepository default-value="${localRepository}"/>
  <objectFactory>${objectFactory}</objectFactory>
  <parallel>${parallel}</parallel>
  <parallelMavenExecution default-value="${session.parallel}"/>
  <parallelOptimized default-value="true">${parallelOptimized}</parallelOptimized>
  <parallelTestsTimeoutForcedInSeconds>${surefire.parallel.forcedTimeout}</parallelTestsTimeoutForcedInSeconds>
  <parallelTestsTimeoutInSeconds>${surefire.parallel.timeout}</parallelTestsTimeoutInSeconds>
  <perCoreThreadCount default-value="true">${perCoreThreadCount}</perCoreThreadCount>
  <pluginArtifactMap>${plugin.artifactMap}</pluginArtifactMap>
  <pluginDescriptor default-value="${plugin}"/>
  <printSummary default-value="true">${surefire.printSummary}</printSummary>
  <projectArtifactMap>${project.artifactMap}</projectArtifactMap>
  <projectBuildDirectory default-value="${project.build.directory}"/>
  <redirectTestOutputToFile default-value="false">${maven.test.redirectTestOutputToFile}</redirectTestOutputToFile>
  <remoteRepositories default-value="${project.pluginArtifactRepositories}"/>
  <reportFormat default-value="brief">${surefire.reportFormat}</reportFormat>
  <reportNameSuffix default-value="">${surefire.reportNameSuffix}</reportNameSuffix>
  <reportsDirectory default-value="${project.build.directory}/surefire-reports"/>
  <rerunFailingTestsCount default-value="0">${surefire.rerunFailingTestsCount}</rerunFailingTestsCount>
  <reuseForks default-value="true">${reuseForks}</reuseForks>
  <runOrder default-value="filesystem">${surefire.runOrder}</runOrder>
  <shutdown default-value="testset">${surefire.shutdown}</shutdown>
  <skip default-value="false">${maven.test.skip}</skip>
  <skipAfterFailureCount default-value="0">${surefire.skipAfterFailureCount}</skipAfterFailureCount>
  <skipExec>${maven.test.skip.exec}</skipExec>
  <skipTests default-value="false">${skipTests}</skipTests>
  <suiteXmlFiles>
    <suiteXmlFile>testng.xml</suiteXmlFile>${surefire.suiteXmlFiles}</suiteXmlFiles>
  <tempDir default-value="surefire">${tempDir}</tempDir>
  <test>${test}</test>
  <testClassesDirectory default-value="${project.build.testOutputDirectory}"/>
  <testFailureIgnore default-value="false">${maven.test.failure.ignore}</testFailureIgnore>
  <testNGArtifactName default-value="org.testng:testng">${testNGArtifactName}</testNGArtifactName>
  <testSourceDirectory default-value="${project.build.testSourceDirectory}"/>
  <threadCount>${threadCount}</threadCount>
  <threadCountClasses default-value="0">${threadCountClasses}</threadCountClasses>
  <threadCountMethods default-value="0">${threadCountMethods}</threadCountMethods>
  <threadCountSuites default-value="0">${threadCountSuites}</threadCountSuites>
  <trimStackTrace default-value="true">${trimStackTrace}</trimStackTrace>
  <useFile default-value="true">${surefire.useFile}</useFile>
  <useManifestOnlyJar default-value="true">${surefire.useManifestOnlyJar}</useManifestOnlyJar>
  <useSystemClassLoader default-value="true">${surefire.useSystemClassLoader}</useSystemClassLoader>
  <useUnlimitedThreads default-value="false">${useUnlimitedThreads}</useUnlimitedThreads>
  <workingDirectory>${basedir}</workingDirectory>
  <project default-value="${project}"/>
  <session default-value="${session}"/>
</configuration>
[DEBUG] =======================================================================
[DEBUG] Using mirror maven-default-http-blocker (http://0.0.0.0/) for spy (http://files.couchbase.com/maven2/).
[DEBUG] Using mirror maven-default-http-blocker (http://0.0.0.0/) for apache.snapshots (http://repository.apache.org/snapshots).
[DEBUG] Using mirror maven-default-http-blocker (http://0.0.0.0/) for apache.snapshots (http://people.apache.org/repo/m2-snapshot-repository).
[DEBUG] Using mirror maven-default-http-blocker (http://0.0.0.0/) for repository.jboss.org (http://repository.jboss.org/nexus/content/groups/public/).
[DEBUG] Using mirror maven-default-http-blocker (http://0.0.0.0/) for gson (http://google-gson.googlecode.com/svn/mavenrepo).
[DEBUG] Using mirror maven-default-http-blocker (http://0.0.0.0/) for sonatype-nexus-snapshots (http://oss.sonatype.org/content/repositories/snapshots).
[DEBUG] Dependency collection stats {ConflictMarker.analyzeTime=7049400, ConflictMarker.markTime=379600, ConflictMarker.nodeCount=73, ConflictIdSorter.graphTime=921200, ConflictIdSorter.topsortTime=627499, ConflictIdSorter.conflictIdCount=47, ConflictIdSorter.conflictIdCycleCount=0, ConflictResolver.totalTime=33524500, ConflictResolver.conflictItemCount=69, DfDependencyCollector.collectTime=1286153200, DfDependencyCollector.transformTime=45601900}
[DEBUG] DevOPS:devOPS:jar:0.0.1-SNAPSHOT
[DEBUG]    junit:junit:jar:4.11:test
[DEBUG]       org.hamcrest:hamcrest-core:jar:1.3:test
[DEBUG]    org.seleniumhq.selenium:selenium-java:jar:2.45.0:compile
[DEBUG]       org.seleniumhq.selenium:selenium-chrome-driver:jar:2.45.0:compile
[DEBUG]          org.seleniumhq.selenium:selenium-remote-driver:jar:2.45.0:compile
[DEBUG]             cglib:cglib-nodep:jar:2.1_3:compile
[DEBUG]             com.google.code.gson:gson:jar:2.3.1:compile
[DEBUG]             org.seleniumhq.selenium:selenium-api:jar:2.45.0:compile
[DEBUG]             com.google.guava:guava:jar:18.0:compile
[DEBUG]       org.seleniumhq.selenium:selenium-htmlunit-driver:jar:2.45.0:compile
[DEBUG]          net.sourceforge.htmlunit:htmlunit:jar:2.15:compile
[DEBUG]             xalan:xalan:jar:2.7.1:compile
[DEBUG]                xalan:serializer:jar:2.7.1:compile
[DEBUG]             commons-collections:commons-collections:jar:3.2.1:compile
[DEBUG]             org.apache.commons:commons-lang3:jar:3.3.2:compile
[DEBUG]             org.apache.httpcomponents:httpmime:jar:4.3.3:compile
[DEBUG]             commons-codec:commons-codec:jar:1.9:compile
[DEBUG]             net.sourceforge.htmlunit:htmlunit-core-js:jar:2.15:compile
[DEBUG]             xerces:xercesImpl:jar:2.11.0:compile
[DEBUG]                xml-apis:xml-apis:jar:1.4.01:compile
[DEBUG]             net.sourceforge.nekohtml:nekohtml:jar:1.9.21:compile
[DEBUG]             net.sourceforge.cssparser:cssparser:jar:0.9.14:compile
[DEBUG]                org.w3c.css:sac:jar:1.3:compile
[DEBUG]             commons-logging:commons-logging:jar:1.1.3:compile
[DEBUG]             org.eclipse.jetty:jetty-websocket:jar:8.1.15.v20140411:compile
[DEBUG]                org.eclipse.jetty:jetty-util:jar:8.1.15.v20140411:compile
[DEBUG]                org.eclipse.jetty:jetty-io:jar:8.1.15.v20140411:compile
[DEBUG]                org.eclipse.jetty:jetty-http:jar:8.1.15.v20140411:compile
[DEBUG]          org.apache.httpcomponents:httpclient:jar:4.3.6:compile
[DEBUG]             org.apache.httpcomponents:httpcore:jar:4.3.3:compile
[DEBUG]       org.seleniumhq.selenium:selenium-firefox-driver:jar:2.45.0:compile
[DEBUG]          commons-io:commons-io:jar:2.4:compile
[DEBUG]          org.apache.commons:commons-exec:jar:1.1:compile
[DEBUG]       org.seleniumhq.selenium:selenium-ie-driver:jar:2.45.0:compile
[DEBUG]          net.java.dev.jna:jna:jar:3.4.0:compile
[DEBUG]          net.java.dev.jna:platform:jar:3.4.0:compile
[DEBUG]       org.seleniumhq.selenium:selenium-safari-driver:jar:2.45.0:compile
[DEBUG]       org.seleniumhq.selenium:selenium-support:jar:2.45.0:compile
[DEBUG]       org.webbitserver:webbit:jar:0.4.14:compile
[DEBUG]          io.netty:netty:jar:3.5.2.Final:compile
[DEBUG]       org.seleniumhq.selenium:selenium-leg-rc:jar:2.45.0:compile
[DEBUG]    org.testng:testng:jar:6.14.3:test
[DEBUG]       org.apache-extras.beanshell:bsh:jar:2.0b6:test
[DEBUG]    org.uncommons:reportng:jar:1.1.2:test
[DEBUG]       velocity:velocity:jar:1.4:test
[DEBUG]          velocity:velocity-dep:jar:1.4:test
[DEBUG]    com.beust:jcommander:jar:1.27:compile
[INFO] 
[INFO] --- resources:3.0.2:resources (default-resources) @ devOPS ---
[DEBUG] Using mirror maven-default-http-blocker (http://0.0.0.0/) for codehaus.snapshots (http://snapshots.repository.codehaus.org).
[DEBUG] Dependency collection stats {ConflictMarker.analyzeTime=451499, ConflictMarker.markTime=181301, ConflictMarker.nodeCount=68, ConflictIdSorter.graphTime=455200, ConflictIdSorter.topsortTime=76200, ConflictIdSorter.conflictIdCount=28, ConflictIdSorter.conflictIdCycleCount=0, ConflictResolver.totalTime=2189701, ConflictResolver.conflictItemCount=67, DfDependencyCollector.collectTime=1077972500, DfDependencyCollector.transformTime=3394100}
[DEBUG] org.apache.maven.plugins:maven-resources-plugin:jar:3.0.2
[DEBUG]    org.apache.maven:maven-plugin-api:jar:3.0:compile
[DEBUG]       org.apache.maven:maven-artifact:jar:3.0:compile
[DEBUG]       org.sonatype.sisu:sisu-inject-plexus:jar:1.4.2:compile
[DEBUG]          org.sonatype.sisu:sisu-inject-bean:jar:1.4.2:compile
[DEBUG]             org.sonatype.sisu:sisu-guice:jar:noaop:2.1.7:compile
[DEBUG]    org.apache.maven:maven-core:jar:3.0:compile
[DEBUG]       org.apache.maven:maven-settings:jar:3.0:compile
[DEBUG]       org.apache.maven:maven-settings-builder:jar:3.0:compile
[DEBUG]       org.apache.maven:maven-repository-metadata:jar:3.0:compile
[DEBUG]       org.apache.maven:maven-model-builder:jar:3.0:compile
[DEBUG]       org.apache.maven:maven-aether-provider:jar:3.0:runtime
[DEBUG]       org.sonatype.aether:aether-impl:jar:1.7:compile
[DEBUG]          org.sonatype.aether:aether-spi:jar:1.7:compile
[DEBUG]       org.sonatype.aether:aether-api:jar:1.7:compile
[DEBUG]       org.sonatype.aether:aether-util:jar:1.7:compile
[DEBUG]       org.codehaus.plexus:plexus-classworlds:jar:2.2.3:compile
[DEBUG]       org.codehaus.plexus:plexus-component-annotations:jar:1.6:compile (version managed from default)
[DEBUG]       org.sonatype.plexus:plexus-sec-dispatcher:jar:1.3:compile
[DEBUG]          org.sonatype.plexus:plexus-cipher:jar:1.4:compile
[DEBUG]    org.apache.maven:maven-model:jar:3.0:compile
[DEBUG]    org.codehaus.plexus:plexus-utils:jar:3.0.24:compile
[DEBUG]    org.apache.maven.shared:maven-filtering:jar:3.1.1:compile
[DEBUG]       org.apache.maven.shared:maven-shared-utils:jar:3.0.0:compile
[DEBUG]          com.google.code.findbugs:jsr305:jar:2.0.1:compile
[DEBUG]       org.sonatype.plexus:plexus-build-api:jar:0.0.7:compile
[DEBUG]    commons-io:commons-io:jar:2.5:compile
[DEBUG]    org.codehaus.plexus:plexus-interpolation:jar:1.24:compile
[DEBUG] Created new class realm plugin>org.apache.maven.plugins:maven-resources-plugin:3.0.2
[DEBUG] Importing foreign packages into class realm plugin>org.apache.maven.plugins:maven-resources-plugin:3.0.2
[DEBUG]   Imported:  < maven.api
[DEBUG] Populating class realm plugin>org.apache.maven.plugins:maven-resources-plugin:3.0.2
[DEBUG]   Included: org.apache.maven.plugins:maven-resources-plugin:jar:3.0.2
[DEBUG]   Included: org.sonatype.sisu:sisu-inject-bean:jar:1.4.2
[DEBUG]   Included: org.sonatype.sisu:sisu-guice:jar:noaop:2.1.7
[DEBUG]   Included: org.sonatype.aether:aether-util:jar:1.7
[DEBUG]   Included: org.codehaus.plexus:plexus-component-annotations:jar:1.6
[DEBUG]   Included: org.sonatype.plexus:plexus-sec-dispatcher:jar:1.3
[DEBUG]   Included: org.sonatype.plexus:plexus-cipher:jar:1.4
[DEBUG]   Included: org.codehaus.plexus:plexus-utils:jar:3.0.24
[DEBUG]   Included: org.apache.maven.shared:maven-filtering:jar:3.1.1
[DEBUG]   Included: org.apache.maven.shared:maven-shared-utils:jar:3.0.0
[DEBUG]   Included: com.google.code.findbugs:jsr305:jar:2.0.1
[DEBUG]   Included: org.sonatype.plexus:plexus-build-api:jar:0.0.7
[DEBUG]   Included: commons-io:commons-io:jar:2.5
[DEBUG]   Included: org.codehaus.plexus:plexus-interpolation:jar:1.24
[DEBUG] Loading mojo org.apache.maven.plugins:maven-resources-plugin:3.0.2:resources from plugin realm ClassRealm[plugin>org.apache.maven.plugins:maven-resources-plugin:3.0.2, parent: jdk.internal.loader.ClassLoaders$AppClassLoader@c387f44]
[DEBUG] Configuring mojo execution 'org.apache.maven.plugins:maven-resources-plugin:3.0.2:resources:default-resources' with basic configurator -->
[DEBUG]   (f) addDefaultExcludes = true
[DEBUG]   (f) buildFilters = []
[DEBUG]   (f) encoding = UTF-8
[DEBUG]   (f) escapeWindowsPaths = true
[DEBUG]   (f) fileNameFiltering = false
[DEBUG]   (s) includeEmptyDirs = false
[DEBUG]   (s) outputDirectory = C:\jenkins\workspace\softw-test\target\classes
[DEBUG]   (s) overwrite = false
[DEBUG]   (f) project = MavenProject: DevOPS:devOPS:0.0.1-SNAPSHOT @ C:\jenkins\workspace\softw-test\pom.xml
[DEBUG]   (s) resources = [Resource {targetPath: null, filtering: false, FileSet {directory: C:\jenkins\workspace\softw-test\src\main\resources, PatternSet [includes: {}, excludes: {}]}}]
[DEBUG]   (f) session = org.apache.maven.execution.MavenSession@40e37b06
[DEBUG]   (f) skip = false
[DEBUG]   (f) supportMultiLineFiltering = false
[DEBUG]   (f) useBuildFilters = true
[DEBUG]   (s) useDefaultDelimiters = true
[DEBUG] -- end configuration --
[DEBUG] properties used {env.NUMBER_OF_PROCESSORS=2, env.USERPROFILE=C:\Users\Administrator, env.CLIENTNAME=DESKTOP-3GU3EQR, java.specification.version=17, sun.cpu.isalist=amd64, env.EXECUTOR_NUMBER=0, sun.arch.data.model=64, env.PROGRAMW6432=C:\Program Files, java.vendor.url=https://adoptium.net/, env.JENKINS_HOME=/var/jenkins_home, env.OS=Windows_NT, env.JOB_DISPLAY_URL=http://172.31.14.109:8080/job/softw-test/display/redirect, sun.boot.library.path=C:\Program Files\Eclipse Adoptium\jdk-17.0.13.11-hotspot\bin, sun.java.command=org.codehaus.plexus.classworlds.launcher.Launcher test -Dsurefire.suitXmlFiles=testing.xml -X, env.SYSTEMROOT=C:\Windows, jdk.debug=release, maven.version=3.9.9, java.specification.vendor=Oracle Corporation, java.version.date=2024-10-15, java.home=C:\Program Files\Eclipse Adoptium\jdk-17.0.13.11-hotspot, java.vm.specification.vendor=Oracle Corporation, java.specification.name=Java Platform API Specification, env.CHOCOLATEYINSTALL=C:\ProgramData\chocolatey, env.JENKINS_SERVER_COOKIE=fe3814c033d5d81c, env.LOCALAPPDATA=C:\Users\Administrator\AppData\Local, env.USERDOMAIN_ROAMINGPROFILE=EC2AMAZ-OP0DPM3, env.GIT_URL=https://github.com/ssrrandj/vprofile-project.git, user.script=, sun.management.compiler=HotSpot 64-Bit Tiered Compilers, java.runtime.version=17.0.13+11, env.RUN_ARTIFACTS_DISPLAY_URL=http://172.31.14.109:8080/job/softw-test/6/display/redirect?page=artifacts, env.PATH=C:\Program Files\Eclipse Adoptium\jdk-17.0.13.11-hotspot\bin;C:\Windows\system32;C:\Windows;C:\Windows\System32\Wbem;C:\Windows\System32\WindowsPowerShell\v1.0\;C:\Windows\System32\OpenSSH\;C:\Program Files\Amazon\cfn-bootstrap\;C:\ProgramData\chocolatey\bin;C:\ProgramData\chocolatey\lib\maven\apache-maven-3.9.9\bin;C:\Program Files\Git\cmd;C:\Users\Administrator\AppData\Local\Microsoft\WindowsApps;, env.GIT_BRANCH=origin/seleniumSuite, env.PUBLIC=C:\Users\Public, env.EXEC_DIR=C:\jenkins\workspace\softw-test, env.COMMONPROGRAMW6432=C:\Program Files\Common Files, file.encoding=Cp1252, java.vendor.version=Temurin-17.0.13+11, env.COMPUTERNAME=EC2AMAZ-OP0DPM3, env.HOMEPATH=\Users\Administrator, env.APPDATA=C:\Users\Administrator\AppData\Roaming, project.baseUri=file:/C:/jenkins/workspace/softw-test/, java.io.tmpdir=C:\Users\ADMINI~1\AppData\Local\Temp\2\, java.version=17.0.13, env.WORKSPACE=C:\jenkins\workspace\softw-test, java.vm.specification.name=Java Virtual Machine Specification, env.BUILD_ID=6, env.JOB_NAME=softw-test, native.encoding=Cp1252, java.library.path=C:\Program Files\Eclipse Adoptium\jdk-17.0.13.11-hotspot\bin;C:\Windows\Sun\Java\bin;C:\Windows\system32;C:\Windows;C:\Program Files\Eclipse Adoptium\jdk-17.0.13.11-hotspot\bin;C:\Windows\system32;C:\Windows;C:\Windows\System32\Wbem;C:\Windows\System32\WindowsPowerShell\v1.0\;C:\Windows\System32\OpenSSH\;C:\Program Files\Amazon\cfn-bootstrap\;C:\ProgramData\chocolatey\bin;C:\ProgramData\chocolatey\lib\maven\apache-maven-3.9.9\bin;C:\Program Files\Git\cmd;C:\Users\Administrator\AppData\Local\Microsoft\WindowsApps;;., java.vendor=Eclipse Adoptium, env.ERROR_CODE=0, classworlds.conf=C:\ProgramData\chocolatey\lib\maven\apache-maven-3.9.9\bin\m2.conf, java.specification.maintenance.version=1, env.HUDSON_HOME=/var/jenkins_home, sun.io.unicode.encoding=UnicodeLittle, env.RUN_TESTS_DISPLAY_URL=http://172.31.14.109:8080/job/softw-test/6/display/redirect?page=tests, env.RUN_DISPLAY_URL=http://172.31.14.109:8080/job/softw-test/6/display/redirect, java.vm.specification.version=17, os.name=Windows Server 2022, env.=EXITCODE=00000000, maven.compiler.source=1.7, user.home=C:\Users\Administrator, maven.build.timestamp=2024-12-03T07:16:12Z, env.ALLUSERSPROFILE=C:\ProgramData, env.SESSIONNAME=RDP-Tcp#0, env.HUDSON_COOKIE=9e3c3ee9-1ef7-4ca2-aa64-d96cb01a0496, env.GIT_PREVIOUS_COMMIT=bbf2fa88a71d21964231ec55cb584475240503ef, env.JENKINS_URL=http://172.31.14.109:8080/, path.separator=;, os.version=10.0, env.CLASSWORLDS_LAUNCHER=org.codehaus.plexus.classworlds.launcher.Launcher, env.PATHEXT=.COM;.EXE;.BAT;.CMD;.VBS;.VBE;.JS;.JSE;.WSF;.WSH;.MSC, env.EFC_5400=1, env.NODE_NAME=win, java.vm.name=OpenJDK 64-Bit Server VM, env.USERNAME=Administrator, os.arch=amd64, maven.multiModuleProjectDirectory=C:\jenkins\workspace\softw-test, env.AWS_EXECUTION_ENV=EC2, env.MAVEN_PROJECTBASEDIR=C:\jenkins\workspace\softw-test, java.vm.info=mixed mode, sharing, env.FPS_BROWSER_USER_PROFILE_STRING=Default, env.TEMP=C:\Users\ADMINI~1\AppData\Local\Temp\2, java.class.version=61.0, env.BUILD_TAG=jenkins-softw-test-6, sun.jnu.encoding=Cp1252, env.HUDSON_URL=http://172.31.14.109:8080/, env.FPS_BROWSER_APP_PROFILE_STRING=Internet Explorer, maven.build.version=Apache Maven 3.9.9 (8e8579a9e76f7d015ee5ec7bfcdc97d260186937), maven.home=C:\ProgramData\chocolatey\lib\maven\apache-maven-3.9.9, env.PROGRAMFILES=C:\Program Files, file.separator=\, java.vm.compressedOopsMode=32-bit, env.CLASSWORLDS_JAR="C:\ProgramData\chocolatey\lib\maven\apache-maven-3.9.9\boot\plexus-classworlds-2.8.0.jar", line.separator=
, env.PROMPT=$P$G, env.PROCESSOR_REVISION=5507, env.PROCESSOR_IDENTIFIER=Intel64 Family 6 Model 85 Stepping 7, GenuineIntel, env.PROGRAMDATA=C:\ProgramData, user.name=Administrator, env.MAVEN_TERMINATE_CMD=on, env.BUILD_URL=http://172.31.14.109:8080/job/softw-test/6/, env.DRIVERDATA=C:\Windows\System32\Drivers\DriverData, env.JOB_URL=http://172.31.14.109:8080/job/softw-test/, env.SYSTEMDRIVE=C:, env.BUILD_TIMESTAMP=2024-12-03 07:15:35 UTC, env.JVMCONFIG=\.mvn\jvm.config, env.PROGRAMFILES(X86)=C:\Program Files (x86), env.NODE_LABELS=win, env.PROCESSOR_LEVEL=6, env.HOMEDRIVE=C:, env.PSMODULEPATH=C:\Windows\system32\WindowsPowerShell\v1.0\Modules;C:\Program Files\WindowsPowerShell\Modules, env.TMP=C:\Users\ADMINI~1\AppData\Local\Temp\2, env.RUN_CHANGES_DISPLAY_URL=http://172.31.14.109:8080/job/softw-test/6/display/redirect?page=changes, sun.os.patch.level=, maven.compiler.target=1.7, env.LOGONSERVER=\\EC2AMAZ-OP0DPM3, library.jansi.path=C:\ProgramData\chocolatey\lib\maven\apache-maven-3.9.9\lib\jansi-native, env.WINDIR=C:\Windows, env.HUDSON_SERVER_COOKIE=fe3814c033d5d81c, env.BUILD_NUMBER=6, env.GIT_PREVIOUS_SUCCESSFUL_COMMIT=bbf2fa88a71d21964231ec55cb584475240503ef, java.class.path=C:\ProgramData\chocolatey\lib\maven\apache-maven-3.9.9\boot\plexus-classworlds-2.8.0.jar, surefire.suitXmlFiles=testing.xml, java.vm.vendor=Eclipse Adoptium, env.PROCESSOR_ARCHITECTURE=AMD64, user.variant=, env.COMMONPROGRAMFILES=C:\Program Files\Common Files, maven.conf=C:\ProgramData\chocolatey\lib\maven\apache-maven-3.9.9/conf, env.CI=true, sun.java.launcher=SUN_STANDARD, user.country=US, env.USERDOMAIN=EC2AMAZ-OP0DPM3, env.COMSPEC=C:\Windows\system32\cmd.exe, sun.cpu.endian=little, user.language=en, env.JAVACMD=C:\Program Files\Eclipse Adoptium\jdk-17.0.13.11-hotspot\bin\java.exe, env.MAVEN_HOME=C:\ProgramData\chocolatey\lib\maven\apache-maven-3.9.9, env.EC2LAUNCH_TELEMETRY=1, env.WDIR=C:\, env.GIT_COMMIT=bbf2fa88a71d21964231ec55cb584475240503ef, env.=C:=C:\jenkins\workspace\softw-test, java.runtime.name=OpenJDK Runtime Environment, project.build.sourceEncoding=UTF-8, env.BUILD_DISPLAY_NAME=#6, env.CHOCOLATEYLASTPATHUPDATE=133775603526170728, env.COMMONPROGRAMFILES(X86)=C:\Program Files (x86)\Common Files, env.MAVEN_CMD_LINE_ARGS=test -Dsurefire.suitXmlFiles=testing.xml -X, java.vendor.url.bug=https://github.com/adoptium/adoptium-support/issues, user.dir=C:\jenkins\workspace\softw-test, env.WORKSPACE_TMP=C:\jenkins\workspace\softw-test@tmp, java.vm.version=17.0.13+11, env.JOB_BASE_NAME=softw-test}
[INFO] Using 'UTF-8' encoding to copy filtered resources.
[DEBUG] resource with targetPath null
directory C:\jenkins\workspace\softw-test\src\main\resources
excludes []
includes []
[INFO] skip non existing resourceDirectory C:\jenkins\workspace\softw-test\src\main\resources
[DEBUG] no use filter components
[INFO] 
[INFO] --- compiler:3.8.0:compile (default-compile) @ devOPS ---
[DEBUG] Using mirror maven-default-http-blocker (http://0.0.0.0/) for ow2-snapshot (http://repository.ow2.org/nexus/content/repositories/snapshots).
[DEBUG] Dependency collection stats {ConflictMarker.analyzeTime=625400, ConflictMarker.markTime=360400, ConflictMarker.nodeCount=118, ConflictIdSorter.graphTime=245200, ConflictIdSorter.topsortTime=90300, ConflictIdSorter.conflictIdCount=45, ConflictIdSorter.conflictIdCycleCount=0, ConflictResolver.totalTime=2230000, ConflictResolver.conflictItemCount=72, DfDependencyCollector.collectTime=875996800, DfDependencyCollector.transformTime=3593800}
[DEBUG] org.apache.maven.plugins:maven-compiler-plugin:jar:3.8.0
[DEBUG]    org.apache.maven:maven-plugin-api:jar:3.0:compile
[DEBUG]       org.apache.maven:maven-model:jar:3.0:compile
[DEBUG]       org.sonatype.sisu:sisu-inject-plexus:jar:1.4.2:compile
[DEBUG]          org.sonatype.sisu:sisu-inject-bean:jar:1.4.2:compile
[DEBUG]             org.sonatype.sisu:sisu-guice:jar:noaop:2.1.7:compile
[DEBUG]    org.apache.maven:maven-artifact:jar:3.0:compile
[DEBUG]       org.codehaus.plexus:plexus-utils:jar:2.0.4:compile
[DEBUG]    org.apache.maven:maven-core:jar:3.0:compile
[DEBUG]       org.apache.maven:maven-settings:jar:3.0:compile
[DEBUG]       org.apache.maven:maven-settings-builder:jar:3.0:compile
[DEBUG]       org.apache.maven:maven-repository-metadata:jar:3.0:compile
[DEBUG]       org.apache.maven:maven-model-builder:jar:3.0:compile
[DEBUG]       org.apache.maven:maven-aether-provider:jar:3.0:runtime
[DEBUG]       org.sonatype.aether:aether-impl:jar:1.7:compile
[DEBUG]          org.sonatype.aether:aether-spi:jar:1.7:compile
[DEBUG]       org.sonatype.aether:aether-api:jar:1.7:compile
[DEBUG]       org.sonatype.aether:aether-util:jar:1.7:compile
[DEBUG]       org.codehaus.plexus:plexus-interpolation:jar:1.14:compile
[DEBUG]       org.codehaus.plexus:plexus-classworlds:jar:2.2.3:compile
[DEBUG]       org.codehaus.plexus:plexus-component-annotations:jar:1.7.1:compile (version managed from default)
[DEBUG]       org.sonatype.plexus:plexus-sec-dispatcher:jar:1.3:compile
[DEBUG]          org.sonatype.plexus:plexus-cipher:jar:1.4:compile
[DEBUG]    org.apache.maven.shared:maven-shared-utils:jar:3.2.1:compile
[DEBUG]       commons-io:commons-io:jar:2.5:compile
[DEBUG]    org.apache.maven.shared:maven-shared-incremental:jar:1.1:compile
[DEBUG]    org.codehaus.plexus:plexus-java:jar:0.9.10:compile
[DEBUG]       org.ow2.asm:asm:jar:6.2:compile
[DEBUG]       com.thoughtworks.qdox:qdox:jar:2.0-M9:compile (version managed from default)
[DEBUG]    org.codehaus.plexus:plexus-compiler-api:jar:2.8.4:compile
[DEBUG]    org.codehaus.plexus:plexus-compiler-manager:jar:2.8.4:compile
[DEBUG]    org.codehaus.plexus:plexus-compiler-javac:jar:2.8.4:runtime
[DEBUG] Created new class realm plugin>org.apache.maven.plugins:maven-compiler-plugin:3.8.0
[DEBUG] Importing foreign packages into class realm plugin>org.apache.maven.plugins:maven-compiler-plugin:3.8.0
[DEBUG]   Imported:  < maven.api
[DEBUG] Populating class realm plugin>org.apache.maven.plugins:maven-compiler-plugin:3.8.0
[DEBUG]   Included: org.apache.maven.plugins:maven-compiler-plugin:jar:3.8.0
[DEBUG]   Included: org.sonatype.sisu:sisu-inject-bean:jar:1.4.2
[DEBUG]   Included: org.sonatype.sisu:sisu-guice:jar:noaop:2.1.7
[DEBUG]   Included: org.codehaus.plexus:plexus-utils:jar:2.0.4
[DEBUG]   Included: org.sonatype.aether:aether-util:jar:1.7
[DEBUG]   Included: org.codehaus.plexus:plexus-interpolation:jar:1.14
[DEBUG]   Included: org.codehaus.plexus:plexus-component-annotations:jar:1.7.1
[DEBUG]   Included: org.sonatype.plexus:plexus-sec-dispatcher:jar:1.3
[DEBUG]   Included: org.sonatype.plexus:plexus-cipher:jar:1.4
[DEBUG]   Included: org.apache.maven.shared:maven-shared-utils:jar:3.2.1
[DEBUG]   Included: commons-io:commons-io:jar:2.5
[DEBUG]   Included: org.apache.maven.shared:maven-shared-incremental:jar:1.1
[DEBUG]   Included: org.codehaus.plexus:plexus-java:jar:0.9.10
[DEBUG]   Included: org.ow2.asm:asm:jar:6.2
[DEBUG]   Included: com.thoughtworks.qdox:qdox:jar:2.0-M9
[DEBUG]   Included: org.codehaus.plexus:plexus-compiler-api:jar:2.8.4
[DEBUG]   Included: org.codehaus.plexus:plexus-compiler-manager:jar:2.8.4
[DEBUG]   Included: org.codehaus.plexus:plexus-compiler-javac:jar:2.8.4
[DEBUG] Loading mojo org.apache.maven.plugins:maven-compiler-plugin:3.8.0:compile from plugin realm ClassRealm[plugin>org.apache.maven.plugins:maven-compiler-plugin:3.8.0, parent: jdk.internal.loader.ClassLoaders$AppClassLoader@c387f44]
[DEBUG] Configuring mojo execution 'org.apache.maven.plugins:maven-compiler-plugin:3.8.0:compile:default-compile' with basic configurator -->
[DEBUG]   (f) basedir = C:\jenkins\workspace\softw-test
[DEBUG]   (f) buildDirectory = C:\jenkins\workspace\softw-test\target
[DEBUG]   (f) compilePath = [C:\jenkins\workspace\softw-test\target\classes, C:\Users\Administrator\.m2\repository\org\seleniumhq\selenium\selenium-java\2.45.0\selenium-java-2.45.0.jar, C:\Users\Administrator\.m2\repository\org\seleniumhq\selenium\selenium-chrome-driver\2.45.0\selenium-chrome-driver-2.45.0.jar, C:\Users\Administrator\.m2\repository\org\seleniumhq\selenium\selenium-remote-driver\2.45.0\selenium-remote-driver-2.45.0.jar, C:\Users\Administrator\.m2\repository\cglib\cglib-nodep\2.1_3\cglib-nodep-2.1_3.jar, C:\Users\Administrator\.m2\repository\com\google\code\gson\gson\2.3.1\gson-2.3.1.jar, C:\Users\Administrator\.m2\repository\org\seleniumhq\selenium\selenium-api\2.45.0\selenium-api-2.45.0.jar, C:\Users\Administrator\.m2\repository\com\google\guava\guava\18.0\guava-18.0.jar, C:\Users\Administrator\.m2\repository\org\seleniumhq\selenium\selenium-htmlunit-driver\2.45.0\selenium-htmlunit-driver-2.45.0.jar, C:\Users\Administrator\.m2\repository\net\sourceforge\htmlunit\htmlunit\2.15\htmlunit-2.15.jar, C:\Users\Administrator\.m2\repository\xalan\xalan\2.7.1\xalan-2.7.1.jar, C:\Users\Administrator\.m2\repository\xalan\serializer\2.7.1\serializer-2.7.1.jar, C:\Users\Administrator\.m2\repository\commons-collections\commons-collections\3.2.1\commons-collections-3.2.1.jar, C:\Users\Administrator\.m2\repository\org\apache\commons\commons-lang3\3.3.2\commons-lang3-3.3.2.jar, C:\Users\Administrator\.m2\repository\org\apache\httpcomponents\httpmime\4.3.3\httpmime-4.3.3.jar, C:\Users\Administrator\.m2\repository\commons-codec\commons-codec\1.9\commons-codec-1.9.jar, C:\Users\Administrator\.m2\repository\net\sourceforge\htmlunit\htmlunit-core-js\2.15\htmlunit-core-js-2.15.jar, C:\Users\Administrator\.m2\repository\xerces\xercesImpl\2.11.0\xercesImpl-2.11.0.jar, C:\Users\Administrator\.m2\repository\xml-apis\xml-apis\1.4.01\xml-apis-1.4.01.jar, C:\Users\Administrator\.m2\repository\net\sourceforge\nekohtml\nekohtml\1.9.21\nekohtml-1.9.21.jar, C:\Users\Administrator\.m2\repository\net\sourceforge\cssparser\cssparser\0.9.14\cssparser-0.9.14.jar, C:\Users\Administrator\.m2\repository\org\w3c\css\sac\1.3\sac-1.3.jar, C:\Users\Administrator\.m2\repository\commons-logging\commons-logging\1.1.3\commons-logging-1.1.3.jar, C:\Users\Administrator\.m2\repository\org\eclipse\jetty\jetty-websocket\8.1.15.v20140411\jetty-websocket-8.1.15.v20140411.jar, C:\Users\Administrator\.m2\repository\org\eclipse\jetty\jetty-util\8.1.15.v20140411\jetty-util-8.1.15.v20140411.jar, C:\Users\Administrator\.m2\repository\org\eclipse\jetty\jetty-io\8.1.15.v20140411\jetty-io-8.1.15.v20140411.jar, C:\Users\Administrator\.m2\repository\org\eclipse\jetty\jetty-http\8.1.15.v20140411\jetty-http-8.1.15.v20140411.jar, C:\Users\Administrator\.m2\repository\org\apache\httpcomponents\httpclient\4.3.6\httpclient-4.3.6.jar, C:\Users\Administrator\.m2\repository\org\apache\httpcomponents\httpcore\4.3.3\httpcore-4.3.3.jar, C:\Users\Administrator\.m2\repository\org\seleniumhq\selenium\selenium-firefox-driver\2.45.0\selenium-firefox-driver-2.45.0.jar, C:\Users\Administrator\.m2\repository\commons-io\commons-io\2.4\commons-io-2.4.jar, C:\Users\Administrator\.m2\repository\org\apache\commons\commons-exec\1.1\commons-exec-1.1.jar, C:\Users\Administrator\.m2\repository\org\seleniumhq\selenium\selenium-ie-driver\2.45.0\selenium-ie-driver-2.45.0.jar, C:\Users\Administrator\.m2\repository\net\java\dev\jna\jna\3.4.0\jna-3.4.0.jar, C:\Users\Administrator\.m2\repository\net\java\dev\jna\platform\3.4.0\platform-3.4.0.jar, C:\Users\Administrator\.m2\repository\org\seleniumhq\selenium\selenium-safari-driver\2.45.0\selenium-safari-driver-2.45.0.jar, C:\Users\Administrator\.m2\repository\org\seleniumhq\selenium\selenium-support\2.45.0\selenium-support-2.45.0.jar, C:\Users\Administrator\.m2\repository\org\webbitserver\webbit\0.4.14\webbit-0.4.14.jar, C:\Users\Administrator\.m2\repository\io\netty\netty\3.5.2.Final\netty-3.5.2.Final.jar, C:\Users\Administrator\.m2\repository\org\seleniumhq\selenium\selenium-leg-rc\2.45.0\selenium-leg-rc-2.45.0.jar, C:\Users\Administrator\.m2\repository\com\beust\jcommander\1.27\jcommander-1.27.jar]
[DEBUG]   (f) compileSourceRoots = [C:\jenkins\workspace\softw-test\src\main\java]
[DEBUG]   (f) compilerId = javac
[DEBUG]   (f) debug = true
[DEBUG]   (f) encoding = UTF-8
[DEBUG]   (f) failOnError = true
[DEBUG]   (f) failOnWarning = false
[DEBUG]   (f) forceJavacCompilerUse = false
[DEBUG]   (f) fork = false
[DEBUG]   (f) generatedSourcesDirectory = C:\jenkins\workspace\softw-test\target\generated-sources\annotations
[DEBUG]   (f) mojoExecution = org.apache.maven.plugins:maven-compiler-plugin:3.8.0:compile {execution: default-compile}
[DEBUG]   (f) optimize = false
[DEBUG]   (f) outputDirectory = C:\jenkins\workspace\softw-test\target\classes
[DEBUG]   (f) parameters = false
[DEBUG]   (f) project = MavenProject: DevOPS:devOPS:0.0.1-SNAPSHOT @ C:\jenkins\workspace\softw-test\pom.xml
[DEBUG]   (f) projectArtifact = DevOPS:devOPS:jar:0.0.1-SNAPSHOT
[DEBUG]   (f) session = org.apache.maven.execution.MavenSession@40e37b06
[DEBUG]   (f) showDeprecation = false
[DEBUG]   (f) showWarnings = false
[DEBUG]   (f) skipMultiThreadWarning = false
[DEBUG]   (f) source = 1.7
[DEBUG]   (f) staleMillis = 0
[DEBUG]   (s) target = 1.7
[DEBUG]   (f) useIncrementalCompilation = true
[DEBUG]   (f) verbose = false
[DEBUG] -- end configuration --
[DEBUG] Using compiler 'javac'.
[DEBUG] Adding C:\jenkins\workspace\softw-test\target\generated-sources\annotations to compile source roots:
  C:\jenkins\workspace\softw-test\src\main\java
[DEBUG] New compile source roots:
  C:\jenkins\workspace\softw-test\src\main\java
  C:\jenkins\workspace\softw-test\target\generated-sources\annotations
[DEBUG] CompilerReuseStrategy: reuseCreated
[DEBUG] useIncrementalCompilation enabled
[INFO] Changes detected - recompiling the module!
[DEBUG] Classpath:
[DEBUG]  C:\jenkins\workspace\softw-test\target\classes
[DEBUG]  C:\Users\Administrator\.m2\repository\org\seleniumhq\selenium\selenium-java\2.45.0\selenium-java-2.45.0.jar
[DEBUG]  C:\Users\Administrator\.m2\repository\org\seleniumhq\selenium\selenium-chrome-driver\2.45.0\selenium-chrome-driver-2.45.0.jar
[DEBUG]  C:\Users\Administrator\.m2\repository\org\seleniumhq\selenium\selenium-remote-driver\2.45.0\selenium-remote-driver-2.45.0.jar
[DEBUG]  C:\Users\Administrator\.m2\repository\cglib\cglib-nodep\2.1_3\cglib-nodep-2.1_3.jar
[DEBUG]  C:\Users\Administrator\.m2\repository\com\google\code\gson\gson\2.3.1\gson-2.3.1.jar
[DEBUG]  C:\Users\Administrator\.m2\repository\org\seleniumhq\selenium\selenium-api\2.45.0\selenium-api-2.45.0.jar
[DEBUG]  C:\Users\Administrator\.m2\repository\com\google\guava\guava\18.0\guava-18.0.jar
[DEBUG]  C:\Users\Administrator\.m2\repository\org\seleniumhq\selenium\selenium-htmlunit-driver\2.45.0\selenium-htmlunit-driver-2.45.0.jar
[DEBUG]  C:\Users\Administrator\.m2\repository\net\sourceforge\htmlunit\htmlunit\2.15\htmlunit-2.15.jar
[DEBUG]  C:\Users\Administrator\.m2\repository\xalan\xalan\2.7.1\xalan-2.7.1.jar
[DEBUG]  C:\Users\Administrator\.m2\repository\xalan\serializer\2.7.1\serializer-2.7.1.jar
[DEBUG]  C:\Users\Administrator\.m2\repository\commons-collections\commons-collections\3.2.1\commons-collections-3.2.1.jar
[DEBUG]  C:\Users\Administrator\.m2\repository\org\apache\commons\commons-lang3\3.3.2\commons-lang3-3.3.2.jar
[DEBUG]  C:\Users\Administrator\.m2\repository\org\apache\httpcomponents\httpmime\4.3.3\httpmime-4.3.3.jar
[DEBUG]  C:\Users\Administrator\.m2\repository\commons-codec\commons-codec\1.9\commons-codec-1.9.jar
[DEBUG]  C:\Users\Administrator\.m2\repository\net\sourceforge\htmlunit\htmlunit-core-js\2.15\htmlunit-core-js-2.15.jar
[DEBUG]  C:\Users\Administrator\.m2\repository\xerces\xercesImpl\2.11.0\xercesImpl-2.11.0.jar
[DEBUG]  C:\Users\Administrator\.m2\repository\xml-apis\xml-apis\1.4.01\xml-apis-1.4.01.jar
[DEBUG]  C:\Users\Administrator\.m2\repository\net\sourceforge\nekohtml\nekohtml\1.9.21\nekohtml-1.9.21.jar
[DEBUG]  C:\Users\Administrator\.m2\repository\net\sourceforge\cssparser\cssparser\0.9.14\cssparser-0.9.14.jar
[DEBUG]  C:\Users\Administrator\.m2\repository\org\w3c\css\sac\1.3\sac-1.3.jar
[DEBUG]  C:\Users\Administrator\.m2\repository\commons-logging\commons-logging\1.1.3\commons-logging-1.1.3.jar
[DEBUG]  C:\Users\Administrator\.m2\repository\org\eclipse\jetty\jetty-websocket\8.1.15.v20140411\jetty-websocket-8.1.15.v20140411.jar
[DEBUG]  C:\Users\Administrator\.m2\repository\org\eclipse\jetty\jetty-util\8.1.15.v20140411\jetty-util-8.1.15.v20140411.jar
[DEBUG]  C:\Users\Administrator\.m2\repository\org\eclipse\jetty\jetty-io\8.1.15.v20140411\jetty-io-8.1.15.v20140411.jar
[DEBUG]  C:\Users\Administrator\.m2\repository\org\eclipse\jetty\jetty-http\8.1.15.v20140411\jetty-http-8.1.15.v20140411.jar
[DEBUG]  C:\Users\Administrator\.m2\repository\org\apache\httpcomponents\httpclient\4.3.6\httpclient-4.3.6.jar
[DEBUG]  C:\Users\Administrator\.m2\repository\org\apache\httpcomponents\httpcore\4.3.3\httpcore-4.3.3.jar
[DEBUG]  C:\Users\Administrator\.m2\repository\org\seleniumhq\selenium\selenium-firefox-driver\2.45.0\selenium-firefox-driver-2.45.0.jar
[DEBUG]  C:\Users\Administrator\.m2\repository\commons-io\commons-io\2.4\commons-io-2.4.jar
[DEBUG]  C:\Users\Administrator\.m2\repository\org\apache\commons\commons-exec\1.1\commons-exec-1.1.jar
[DEBUG]  C:\Users\Administrator\.m2\repository\org\seleniumhq\selenium\selenium-ie-driver\2.45.0\selenium-ie-driver-2.45.0.jar
[DEBUG]  C:\Users\Administrator\.m2\repository\net\java\dev\jna\jna\3.4.0\jna-3.4.0.jar
[DEBUG]  C:\Users\Administrator\.m2\repository\net\java\dev\jna\platform\3.4.0\platform-3.4.0.jar
[DEBUG]  C:\Users\Administrator\.m2\repository\org\seleniumhq\selenium\selenium-safari-driver\2.45.0\selenium-safari-driver-2.45.0.jar
[DEBUG]  C:\Users\Administrator\.m2\repository\org\seleniumhq\selenium\selenium-support\2.45.0\selenium-support-2.45.0.jar
[DEBUG]  C:\Users\Administrator\.m2\repository\org\webbitserver\webbit\0.4.14\webbit-0.4.14.jar
[DEBUG]  C:\Users\Administrator\.m2\repository\io\netty\netty\3.5.2.Final\netty-3.5.2.Final.jar
[DEBUG]  C:\Users\Administrator\.m2\repository\org\seleniumhq\selenium\selenium-leg-rc\2.45.0\selenium-leg-rc-2.45.0.jar
[DEBUG]  C:\Users\Administrator\.m2\repository\com\beust\jcommander\1.27\jcommander-1.27.jar
[DEBUG] Source roots:
[DEBUG]  C:\jenkins\workspace\softw-test\src\main\java
[DEBUG]  C:\jenkins\workspace\softw-test\target\generated-sources\annotations
[DEBUG] Command line options:
[DEBUG] -d C:\jenkins\workspace\softw-test\target\classes -classpath C:\jenkins\workspace\softw-test\target\classes;C:\Users\Administrator\.m2\repository\org\seleniumhq\selenium\selenium-java\2.45.0\selenium-java-2.45.0.jar;C:\Users\Administrator\.m2\repository\org\seleniumhq\selenium\selenium-chrome-driver\2.45.0\selenium-chrome-driver-2.45.0.jar;C:\Users\Administrator\.m2\repository\org\seleniumhq\selenium\selenium-remote-driver\2.45.0\selenium-remote-driver-2.45.0.jar;C:\Users\Administrator\.m2\repository\cglib\cglib-nodep\2.1_3\cglib-nodep-2.1_3.jar;C:\Users\Administrator\.m2\repository\com\google\code\gson\gson\2.3.1\gson-2.3.1.jar;C:\Users\Administrator\.m2\repository\org\seleniumhq\selenium\selenium-api\2.45.0\selenium-api-2.45.0.jar;C:\Users\Administrator\.m2\repository\com\google\guava\guava\18.0\guava-18.0.jar;C:\Users\Administrator\.m2\repository\org\seleniumhq\selenium\selenium-htmlunit-driver\2.45.0\selenium-htmlunit-driver-2.45.0.jar;C:\Users\Administrator\.m2\repository\net\sourceforge\htmlunit\htmlunit\2.15\htmlunit-2.15.jar;C:\Users\Administrator\.m2\repository\xalan\xalan\2.7.1\xalan-2.7.1.jar;C:\Users\Administrator\.m2\repository\xalan\serializer\2.7.1\serializer-2.7.1.jar;C:\Users\Administrator\.m2\repository\commons-collections\commons-collections\3.2.1\commons-collections-3.2.1.jar;C:\Users\Administrator\.m2\repository\org\apache\commons\commons-lang3\3.3.2\commons-lang3-3.3.2.jar;C:\Users\Administrator\.m2\repository\org\apache\httpcomponents\httpmime\4.3.3\httpmime-4.3.3.jar;C:\Users\Administrator\.m2\repository\commons-codec\commons-codec\1.9\commons-codec-1.9.jar;C:\Users\Administrator\.m2\repository\net\sourceforge\htmlunit\htmlunit-core-js\2.15\htmlunit-core-js-2.15.jar;C:\Users\Administrator\.m2\repository\xerces\xercesImpl\2.11.0\xercesImpl-2.11.0.jar;C:\Users\Administrator\.m2\repository\xml-apis\xml-apis\1.4.01\xml-apis-1.4.01.jar;C:\Users\Administrator\.m2\repository\net\sourceforge\nekohtml\nekohtml\1.9.21\nekohtml-1.9.21.jar;C:\Users\Administrator\.m2\repository\net\sourceforge\cssparser\cssparser\0.9.14\cssparser-0.9.14.jar;C:\Users\Administrator\.m2\repository\org\w3c\css\sac\1.3\sac-1.3.jar;C:\Users\Administrator\.m2\repository\commons-logging\commons-logging\1.1.3\commons-logging-1.1.3.jar;C:\Users\Administrator\.m2\repository\org\eclipse\jetty\jetty-websocket\8.1.15.v20140411\jetty-websocket-8.1.15.v20140411.jar;C:\Users\Administrator\.m2\repository\org\eclipse\jetty\jetty-util\8.1.15.v20140411\jetty-util-8.1.15.v20140411.jar;C:\Users\Administrator\.m2\repository\org\eclipse\jetty\jetty-io\8.1.15.v20140411\jetty-io-8.1.15.v20140411.jar;C:\Users\Administrator\.m2\repository\org\eclipse\jetty\jetty-http\8.1.15.v20140411\jetty-http-8.1.15.v20140411.jar;C:\Users\Administrator\.m2\repository\org\apache\httpcomponents\httpclient\4.3.6\httpclient-4.3.6.jar;C:\Users\Administrator\.m2\repository\org\apache\httpcomponents\httpcore\4.3.3\httpcore-4.3.3.jar;C:\Users\Administrator\.m2\repository\org\seleniumhq\selenium\selenium-firefox-driver\2.45.0\selenium-firefox-driver-2.45.0.jar;C:\Users\Administrator\.m2\repository\commons-io\commons-io\2.4\commons-io-2.4.jar;C:\Users\Administrator\.m2\repository\org\apache\commons\commons-exec\1.1\commons-exec-1.1.jar;C:\Users\Administrator\.m2\repository\org\seleniumhq\selenium\selenium-ie-driver\2.45.0\selenium-ie-driver-2.45.0.jar;C:\Users\Administrator\.m2\repository\net\java\dev\jna\jna\3.4.0\jna-3.4.0.jar;C:\Users\Administrator\.m2\repository\net\java\dev\jna\platform\3.4.0\platform-3.4.0.jar;C:\Users\Administrator\.m2\repository\org\seleniumhq\selenium\selenium-safari-driver\2.45.0\selenium-safari-driver-2.45.0.jar;C:\Users\Administrator\.m2\repository\org\seleniumhq\selenium\selenium-support\2.45.0\selenium-support-2.45.0.jar;C:\Users\Administrator\.m2\repository\org\webbitserver\webbit\0.4.14\webbit-0.4.14.jar;C:\Users\Administrator\.m2\repository\io\netty\netty\3.5.2.Final\netty-3.5.2.Final.jar;C:\Users\Administrator\.m2\repository\org\seleniumhq\selenium\selenium-leg-rc\2.45.0\selenium-leg-rc-2.45.0.jar;C:\Users\Administrator\.m2\repository\com\beust\jcommander\1.27\jcommander-1.27.jar; -sourcepath C:\jenkins\workspace\softw-test\src\main\java;C:\jenkins\workspace\softw-test\target\generated-sources\annotations; -s C:\jenkins\workspace\softw-test\target\generated-sources\annotations -g -nowarn -target 1.7 -source 1.7 -encoding UTF-8
[DEBUG] incrementalBuildHelper#beforeRebuildExecution
[INFO] Compiling 1 source file to C:\jenkins\workspace\softw-test\target\classes
[DEBUG] incrementalBuildHelper#afterRebuildExecution
[INFO] 
[INFO] --- resources:3.0.2:testResources (default-testResources) @ devOPS ---
[DEBUG] Loading mojo org.apache.maven.plugins:maven-resources-plugin:3.0.2:testResources from plugin realm ClassRealm[plugin>org.apache.maven.plugins:maven-resources-plugin:3.0.2, parent: jdk.internal.loader.ClassLoaders$AppClassLoader@c387f44]
[DEBUG] Configuring mojo execution 'org.apache.maven.plugins:maven-resources-plugin:3.0.2:testResources:default-testResources' with basic configurator -->
[DEBUG]   (f) addDefaultExcludes = true
[DEBUG]   (f) buildFilters = []
[DEBUG]   (f) encoding = UTF-8
[DEBUG]   (f) escapeWindowsPaths = true
[DEBUG]   (f) fileNameFiltering = false
[DEBUG]   (s) includeEmptyDirs = false
[DEBUG]   (s) outputDirectory = C:\jenkins\workspace\softw-test\target\test-classes
[DEBUG]   (s) overwrite = false
[DEBUG]   (f) project = MavenProject: DevOPS:devOPS:0.0.1-SNAPSHOT @ C:\jenkins\workspace\softw-test\pom.xml
[DEBUG]   (s) resources = [Resource {targetPath: null, filtering: false, FileSet {directory: C:\jenkins\workspace\softw-test\src\test\resources, PatternSet [includes: {}, excludes: {}]}}]
[DEBUG]   (f) session = org.apache.maven.execution.MavenSession@40e37b06
[DEBUG]   (f) skip = false
[DEBUG]   (f) supportMultiLineFiltering = false
[DEBUG]   (f) useBuildFilters = true
[DEBUG]   (s) useDefaultDelimiters = true
[DEBUG] -- end configuration --
[DEBUG] properties used {env.NUMBER_OF_PROCESSORS=2, env.USERPROFILE=C:\Users\Administrator, env.CLIENTNAME=DESKTOP-3GU3EQR, java.specification.version=17, sun.cpu.isalist=amd64, env.EXECUTOR_NUMBER=0, sun.arch.data.model=64, env.PROGRAMW6432=C:\Program Files, java.vendor.url=https://adoptium.net/, env.JENKINS_HOME=/var/jenkins_home, env.OS=Windows_NT, env.JOB_DISPLAY_URL=http://172.31.14.109:8080/job/softw-test/display/redirect, sun.boot.library.path=C:\Program Files\Eclipse Adoptium\jdk-17.0.13.11-hotspot\bin, sun.java.command=org.codehaus.plexus.classworlds.launcher.Launcher test -Dsurefire.suitXmlFiles=testing.xml -X, env.SYSTEMROOT=C:\Windows, jdk.debug=release, maven.version=3.9.9, java.specification.vendor=Oracle Corporation, java.version.date=2024-10-15, java.home=C:\Program Files\Eclipse Adoptium\jdk-17.0.13.11-hotspot, java.vm.specification.vendor=Oracle Corporation, java.specification.name=Java Platform API Specification, env.CHOCOLATEYINSTALL=C:\ProgramData\chocolatey, env.JENKINS_SERVER_COOKIE=fe3814c033d5d81c, env.LOCALAPPDATA=C:\Users\Administrator\AppData\Local, env.USERDOMAIN_ROAMINGPROFILE=EC2AMAZ-OP0DPM3, env.GIT_URL=https://github.com/ssrrandj/vprofile-project.git, user.script=, sun.management.compiler=HotSpot 64-Bit Tiered Compilers, java.runtime.version=17.0.13+11, env.RUN_ARTIFACTS_DISPLAY_URL=http://172.31.14.109:8080/job/softw-test/6/display/redirect?page=artifacts, env.PATH=C:\Program Files\Eclipse Adoptium\jdk-17.0.13.11-hotspot\bin;C:\Windows\system32;C:\Windows;C:\Windows\System32\Wbem;C:\Windows\System32\WindowsPowerShell\v1.0\;C:\Windows\System32\OpenSSH\;C:\Program Files\Amazon\cfn-bootstrap\;C:\ProgramData\chocolatey\bin;C:\ProgramData\chocolatey\lib\maven\apache-maven-3.9.9\bin;C:\Program Files\Git\cmd;C:\Users\Administrator\AppData\Local\Microsoft\WindowsApps;, env.GIT_BRANCH=origin/seleniumSuite, env.PUBLIC=C:\Users\Public, env.EXEC_DIR=C:\jenkins\workspace\softw-test, env.COMMONPROGRAMW6432=C:\Program Files\Common Files, file.encoding=Cp1252, java.vendor.version=Temurin-17.0.13+11, env.COMPUTERNAME=EC2AMAZ-OP0DPM3, env.HOMEPATH=\Users\Administrator, env.APPDATA=C:\Users\Administrator\AppData\Roaming, project.baseUri=file:/C:/jenkins/workspace/softw-test/, java.io.tmpdir=C:\Users\ADMINI~1\AppData\Local\Temp\2\, java.version=17.0.13, env.WORKSPACE=C:\jenkins\workspace\softw-test, java.vm.specification.name=Java Virtual Machine Specification, env.BUILD_ID=6, env.JOB_NAME=softw-test, native.encoding=Cp1252, java.library.path=C:\Program Files\Eclipse Adoptium\jdk-17.0.13.11-hotspot\bin;C:\Windows\Sun\Java\bin;C:\Windows\system32;C:\Windows;C:\Program Files\Eclipse Adoptium\jdk-17.0.13.11-hotspot\bin;C:\Windows\system32;C:\Windows;C:\Windows\System32\Wbem;C:\Windows\System32\WindowsPowerShell\v1.0\;C:\Windows\System32\OpenSSH\;C:\Program Files\Amazon\cfn-bootstrap\;C:\ProgramData\chocolatey\bin;C:\ProgramData\chocolatey\lib\maven\apache-maven-3.9.9\bin;C:\Program Files\Git\cmd;C:\Users\Administrator\AppData\Local\Microsoft\WindowsApps;;., java.vendor=Eclipse Adoptium, env.ERROR_CODE=0, classworlds.conf=C:\ProgramData\chocolatey\lib\maven\apache-maven-3.9.9\bin\m2.conf, java.specification.maintenance.version=1, env.HUDSON_HOME=/var/jenkins_home, sun.io.unicode.encoding=UnicodeLittle, env.RUN_TESTS_DISPLAY_URL=http://172.31.14.109:8080/job/softw-test/6/display/redirect?page=tests, env.RUN_DISPLAY_URL=http://172.31.14.109:8080/job/softw-test/6/display/redirect, java.vm.specification.version=17, os.name=Windows Server 2022, env.=EXITCODE=00000000, maven.compiler.source=1.7, user.home=C:\Users\Administrator, maven.build.timestamp=2024-12-03T07:16:16Z, env.ALLUSERSPROFILE=C:\ProgramData, env.SESSIONNAME=RDP-Tcp#0, env.HUDSON_COOKIE=9e3c3ee9-1ef7-4ca2-aa64-d96cb01a0496, env.GIT_PREVIOUS_COMMIT=bbf2fa88a71d21964231ec55cb584475240503ef, env.JENKINS_URL=http://172.31.14.109:8080/, path.separator=;, os.version=10.0, env.CLASSWORLDS_LAUNCHER=org.codehaus.plexus.classworlds.launcher.Launcher, env.PATHEXT=.COM;.EXE;.BAT;.CMD;.VBS;.VBE;.JS;.JSE;.WSF;.WSH;.MSC, env.EFC_5400=1, env.NODE_NAME=win, java.vm.name=OpenJDK 64-Bit Server VM, env.USERNAME=Administrator, os.arch=amd64, maven.multiModuleProjectDirectory=C:\jenkins\workspace\softw-test, env.AWS_EXECUTION_ENV=EC2, env.MAVEN_PROJECTBASEDIR=C:\jenkins\workspace\softw-test, java.vm.info=mixed mode, sharing, env.FPS_BROWSER_USER_PROFILE_STRING=Default, env.TEMP=C:\Users\ADMINI~1\AppData\Local\Temp\2, java.class.version=61.0, env.BUILD_TAG=jenkins-softw-test-6, sun.jnu.encoding=Cp1252, env.HUDSON_URL=http://172.31.14.109:8080/, env.FPS_BROWSER_APP_PROFILE_STRING=Internet Explorer, maven.build.version=Apache Maven 3.9.9 (8e8579a9e76f7d015ee5ec7bfcdc97d260186937), maven.home=C:\ProgramData\chocolatey\lib\maven\apache-maven-3.9.9, env.PROGRAMFILES=C:\Program Files, file.separator=\, java.vm.compressedOopsMode=32-bit, env.CLASSWORLDS_JAR="C:\ProgramData\chocolatey\lib\maven\apache-maven-3.9.9\boot\plexus-classworlds-2.8.0.jar", line.separator=
, env.PROMPT=$P$G, env.PROCESSOR_REVISION=5507, env.PROCESSOR_IDENTIFIER=Intel64 Family 6 Model 85 Stepping 7, GenuineIntel, env.PROGRAMDATA=C:\ProgramData, user.name=Administrator, env.MAVEN_TERMINATE_CMD=on, env.BUILD_URL=http://172.31.14.109:8080/job/softw-test/6/, env.DRIVERDATA=C:\Windows\System32\Drivers\DriverData, env.JOB_URL=http://172.31.14.109:8080/job/softw-test/, env.SYSTEMDRIVE=C:, env.BUILD_TIMESTAMP=2024-12-03 07:15:35 UTC, env.JVMCONFIG=\.mvn\jvm.config, env.PROGRAMFILES(X86)=C:\Program Files (x86), env.NODE_LABELS=win, env.PROCESSOR_LEVEL=6, env.HOMEDRIVE=C:, env.PSMODULEPATH=C:\Windows\system32\WindowsPowerShell\v1.0\Modules;C:\Program Files\WindowsPowerShell\Modules, env.TMP=C:\Users\ADMINI~1\AppData\Local\Temp\2, env.RUN_CHANGES_DISPLAY_URL=http://172.31.14.109:8080/job/softw-test/6/display/redirect?page=changes, sun.os.patch.level=, maven.compiler.target=1.7, env.LOGONSERVER=\\EC2AMAZ-OP0DPM3, library.jansi.path=C:\ProgramData\chocolatey\lib\maven\apache-maven-3.9.9\lib\jansi-native, env.WINDIR=C:\Windows, env.HUDSON_SERVER_COOKIE=fe3814c033d5d81c, env.BUILD_NUMBER=6, env.GIT_PREVIOUS_SUCCESSFUL_COMMIT=bbf2fa88a71d21964231ec55cb584475240503ef, java.class.path=C:\ProgramData\chocolatey\lib\maven\apache-maven-3.9.9\boot\plexus-classworlds-2.8.0.jar, surefire.suitXmlFiles=testing.xml, java.vm.vendor=Eclipse Adoptium, env.PROCESSOR_ARCHITECTURE=AMD64, user.variant=, env.COMMONPROGRAMFILES=C:\Program Files\Common Files, maven.conf=C:\ProgramData\chocolatey\lib\maven\apache-maven-3.9.9/conf, env.CI=true, sun.java.launcher=SUN_STANDARD, user.country=US, env.USERDOMAIN=EC2AMAZ-OP0DPM3, env.COMSPEC=C:\Windows\system32\cmd.exe, sun.cpu.endian=little, user.language=en, env.JAVACMD=C:\Program Files\Eclipse Adoptium\jdk-17.0.13.11-hotspot\bin\java.exe, env.MAVEN_HOME=C:\ProgramData\chocolatey\lib\maven\apache-maven-3.9.9, env.EC2LAUNCH_TELEMETRY=1, env.WDIR=C:\, env.GIT_COMMIT=bbf2fa88a71d21964231ec55cb584475240503ef, env.=C:=C:\jenkins\workspace\softw-test, java.runtime.name=OpenJDK Runtime Environment, project.build.sourceEncoding=UTF-8, env.BUILD_DISPLAY_NAME=#6, env.CHOCOLATEYLASTPATHUPDATE=133775603526170728, env.COMMONPROGRAMFILES(X86)=C:\Program Files (x86)\Common Files, env.MAVEN_CMD_LINE_ARGS=test -Dsurefire.suitXmlFiles=testing.xml -X, java.vendor.url.bug=https://github.com/adoptium/adoptium-support/issues, user.dir=C:\jenkins\workspace\softw-test, env.WORKSPACE_TMP=C:\jenkins\workspace\softw-test@tmp, java.vm.version=17.0.13+11, env.JOB_BASE_NAME=softw-test}
[INFO] Using 'UTF-8' encoding to copy filtered resources.
[DEBUG] resource with targetPath null
directory C:\jenkins\workspace\softw-test\src\test\resources
excludes []
includes []
[INFO] skip non existing resourceDirectory C:\jenkins\workspace\softw-test\src\test\resources
[DEBUG] no use filter components
[INFO] 
[INFO] --- compiler:3.8.0:testCompile (default-testCompile) @ devOPS ---
[DEBUG] Loading mojo org.apache.maven.plugins:maven-compiler-plugin:3.8.0:testCompile from plugin realm ClassRealm[plugin>org.apache.maven.plugins:maven-compiler-plugin:3.8.0, parent: jdk.internal.loader.ClassLoaders$AppClassLoader@c387f44]
[DEBUG] Configuring mojo execution 'org.apache.maven.plugins:maven-compiler-plugin:3.8.0:testCompile:default-testCompile' with basic configurator -->
[DEBUG]   (f) basedir = C:\jenkins\workspace\softw-test
[DEBUG]   (f) buildDirectory = C:\jenkins\workspace\softw-test\target
[DEBUG]   (f) compilePath = [C:\jenkins\workspace\softw-test\target\classes, C:\Users\Administrator\.m2\repository\org\seleniumhq\selenium\selenium-java\2.45.0\selenium-java-2.45.0.jar, C:\Users\Administrator\.m2\repository\org\seleniumhq\selenium\selenium-chrome-driver\2.45.0\selenium-chrome-driver-2.45.0.jar, C:\Users\Administrator\.m2\repository\org\seleniumhq\selenium\selenium-remote-driver\2.45.0\selenium-remote-driver-2.45.0.jar, C:\Users\Administrator\.m2\repository\cglib\cglib-nodep\2.1_3\cglib-nodep-2.1_3.jar, C:\Users\Administrator\.m2\repository\com\google\code\gson\gson\2.3.1\gson-2.3.1.jar, C:\Users\Administrator\.m2\repository\org\seleniumhq\selenium\selenium-api\2.45.0\selenium-api-2.45.0.jar, C:\Users\Administrator\.m2\repository\com\google\guava\guava\18.0\guava-18.0.jar, C:\Users\Administrator\.m2\repository\org\seleniumhq\selenium\selenium-htmlunit-driver\2.45.0\selenium-htmlunit-driver-2.45.0.jar, C:\Users\Administrator\.m2\repository\net\sourceforge\htmlunit\htmlunit\2.15\htmlunit-2.15.jar, C:\Users\Administrator\.m2\repository\xalan\xalan\2.7.1\xalan-2.7.1.jar, C:\Users\Administrator\.m2\repository\xalan\serializer\2.7.1\serializer-2.7.1.jar, C:\Users\Administrator\.m2\repository\commons-collections\commons-collections\3.2.1\commons-collections-3.2.1.jar, C:\Users\Administrator\.m2\repository\org\apache\commons\commons-lang3\3.3.2\commons-lang3-3.3.2.jar, C:\Users\Administrator\.m2\repository\org\apache\httpcomponents\httpmime\4.3.3\httpmime-4.3.3.jar, C:\Users\Administrator\.m2\repository\commons-codec\commons-codec\1.9\commons-codec-1.9.jar, C:\Users\Administrator\.m2\repository\net\sourceforge\htmlunit\htmlunit-core-js\2.15\htmlunit-core-js-2.15.jar, C:\Users\Administrator\.m2\repository\xerces\xercesImpl\2.11.0\xercesImpl-2.11.0.jar, C:\Users\Administrator\.m2\repository\xml-apis\xml-apis\1.4.01\xml-apis-1.4.01.jar, C:\Users\Administrator\.m2\repository\net\sourceforge\nekohtml\nekohtml\1.9.21\nekohtml-1.9.21.jar, C:\Users\Administrator\.m2\repository\net\sourceforge\cssparser\cssparser\0.9.14\cssparser-0.9.14.jar, C:\Users\Administrator\.m2\repository\org\w3c\css\sac\1.3\sac-1.3.jar, C:\Users\Administrator\.m2\repository\commons-logging\commons-logging\1.1.3\commons-logging-1.1.3.jar, C:\Users\Administrator\.m2\repository\org\eclipse\jetty\jetty-websocket\8.1.15.v20140411\jetty-websocket-8.1.15.v20140411.jar, C:\Users\Administrator\.m2\repository\org\eclipse\jetty\jetty-util\8.1.15.v20140411\jetty-util-8.1.15.v20140411.jar, C:\Users\Administrator\.m2\repository\org\eclipse\jetty\jetty-io\8.1.15.v20140411\jetty-io-8.1.15.v20140411.jar, C:\Users\Administrator\.m2\repository\org\eclipse\jetty\jetty-http\8.1.15.v20140411\jetty-http-8.1.15.v20140411.jar, C:\Users\Administrator\.m2\repository\org\apache\httpcomponents\httpclient\4.3.6\httpclient-4.3.6.jar, C:\Users\Administrator\.m2\repository\org\apache\httpcomponents\httpcore\4.3.3\httpcore-4.3.3.jar, C:\Users\Administrator\.m2\repository\org\seleniumhq\selenium\selenium-firefox-driver\2.45.0\selenium-firefox-driver-2.45.0.jar, C:\Users\Administrator\.m2\repository\commons-io\commons-io\2.4\commons-io-2.4.jar, C:\Users\Administrator\.m2\repository\org\apache\commons\commons-exec\1.1\commons-exec-1.1.jar, C:\Users\Administrator\.m2\repository\org\seleniumhq\selenium\selenium-ie-driver\2.45.0\selenium-ie-driver-2.45.0.jar, C:\Users\Administrator\.m2\repository\net\java\dev\jna\jna\3.4.0\jna-3.4.0.jar, C:\Users\Administrator\.m2\repository\net\java\dev\jna\platform\3.4.0\platform-3.4.0.jar, C:\Users\Administrator\.m2\repository\org\seleniumhq\selenium\selenium-safari-driver\2.45.0\selenium-safari-driver-2.45.0.jar, C:\Users\Administrator\.m2\repository\org\seleniumhq\selenium\selenium-support\2.45.0\selenium-support-2.45.0.jar, C:\Users\Administrator\.m2\repository\org\webbitserver\webbit\0.4.14\webbit-0.4.14.jar, C:\Users\Administrator\.m2\repository\io\netty\netty\3.5.2.Final\netty-3.5.2.Final.jar, C:\Users\Administrator\.m2\repository\org\seleniumhq\selenium\selenium-leg-rc\2.45.0\selenium-leg-rc-2.45.0.jar, C:\Users\Administrator\.m2\repository\com\beust\jcommander\1.27\jcommander-1.27.jar]
[DEBUG]   (f) compileSourceRoots = [C:\jenkins\workspace\softw-test\src\test\java]
[DEBUG]   (f) compilerId = javac
[DEBUG]   (f) debug = true
[DEBUG]   (f) encoding = UTF-8
[DEBUG]   (f) failOnError = true
[DEBUG]   (f) failOnWarning = false
[DEBUG]   (f) forceJavacCompilerUse = false
[DEBUG]   (f) fork = false
[DEBUG]   (f) generatedTestSourcesDirectory = C:\jenkins\workspace\softw-test\target\generated-test-sources\test-annotations
[DEBUG]   (f) mojoExecution = org.apache.maven.plugins:maven-compiler-plugin:3.8.0:testCompile {execution: default-testCompile}
[DEBUG]   (f) optimize = false
[DEBUG]   (f) outputDirectory = C:\jenkins\workspace\softw-test\target\test-classes
[DEBUG]   (f) parameters = false
[DEBUG]   (f) project = MavenProject: DevOPS:devOPS:0.0.1-SNAPSHOT @ C:\jenkins\workspace\softw-test\pom.xml
[DEBUG]   (f) session = org.apache.maven.execution.MavenSession@40e37b06
[DEBUG]   (f) showDeprecation = false
[DEBUG]   (f) showWarnings = false
[DEBUG]   (f) skipMultiThreadWarning = false
[DEBUG]   (f) source = 1.7
[DEBUG]   (f) staleMillis = 0
[DEBUG]   (s) target = 1.7
[DEBUG]   (f) testPath = [C:\jenkins\workspace\softw-test\target\test-classes, C:\jenkins\workspace\softw-test\target\classes, C:\Users\Administrator\.m2\repository\junit\junit\4.11\junit-4.11.jar, C:\Users\Administrator\.m2\repository\org\hamcrest\hamcrest-core\1.3\hamcrest-core-1.3.jar, C:\Users\Administrator\.m2\repository\org\seleniumhq\selenium\selenium-java\2.45.0\selenium-java-2.45.0.jar, C:\Users\Administrator\.m2\repository\org\seleniumhq\selenium\selenium-chrome-driver\2.45.0\selenium-chrome-driver-2.45.0.jar, C:\Users\Administrator\.m2\repository\org\seleniumhq\selenium\selenium-remote-driver\2.45.0\selenium-remote-driver-2.45.0.jar, C:\Users\Administrator\.m2\repository\cglib\cglib-nodep\2.1_3\cglib-nodep-2.1_3.jar, C:\Users\Administrator\.m2\repository\com\google\code\gson\gson\2.3.1\gson-2.3.1.jar, C:\Users\Administrator\.m2\repository\org\seleniumhq\selenium\selenium-api\2.45.0\selenium-api-2.45.0.jar, C:\Users\Administrator\.m2\repository\com\google\guava\guava\18.0\guava-18.0.jar, C:\Users\Administrator\.m2\repository\org\seleniumhq\selenium\selenium-htmlunit-driver\2.45.0\selenium-htmlunit-driver-2.45.0.jar, C:\Users\Administrator\.m2\repository\net\sourceforge\htmlunit\htmlunit\2.15\htmlunit-2.15.jar, C:\Users\Administrator\.m2\repository\xalan\xalan\2.7.1\xalan-2.7.1.jar, C:\Users\Administrator\.m2\repository\xalan\serializer\2.7.1\serializer-2.7.1.jar, C:\Users\Administrator\.m2\repository\commons-collections\commons-collections\3.2.1\commons-collections-3.2.1.jar, C:\Users\Administrator\.m2\repository\org\apache\commons\commons-lang3\3.3.2\commons-lang3-3.3.2.jar, C:\Users\Administrator\.m2\repository\org\apache\httpcomponents\httpmime\4.3.3\httpmime-4.3.3.jar, C:\Users\Administrator\.m2\repository\commons-codec\commons-codec\1.9\commons-codec-1.9.jar, C:\Users\Administrator\.m2\repository\net\sourceforge\htmlunit\htmlunit-core-js\2.15\htmlunit-core-js-2.15.jar, C:\Users\Administrator\.m2\repository\xerces\xercesImpl\2.11.0\xercesImpl-2.11.0.jar, C:\Users\Administrator\.m2\repository\xml-apis\xml-apis\1.4.01\xml-apis-1.4.01.jar, C:\Users\Administrator\.m2\repository\net\sourceforge\nekohtml\nekohtml\1.9.21\nekohtml-1.9.21.jar, C:\Users\Administrator\.m2\repository\net\sourceforge\cssparser\cssparser\0.9.14\cssparser-0.9.14.jar, C:\Users\Administrator\.m2\repository\org\w3c\css\sac\1.3\sac-1.3.jar, C:\Users\Administrator\.m2\repository\commons-logging\commons-logging\1.1.3\commons-logging-1.1.3.jar, C:\Users\Administrator\.m2\repository\org\eclipse\jetty\jetty-websocket\8.1.15.v20140411\jetty-websocket-8.1.15.v20140411.jar, C:\Users\Administrator\.m2\repository\org\eclipse\jetty\jetty-util\8.1.15.v20140411\jetty-util-8.1.15.v20140411.jar, C:\Users\Administrator\.m2\repository\org\eclipse\jetty\jetty-io\8.1.15.v20140411\jetty-io-8.1.15.v20140411.jar, C:\Users\Administrator\.m2\repository\org\eclipse\jetty\jetty-http\8.1.15.v20140411\jetty-http-8.1.15.v20140411.jar, C:\Users\Administrator\.m2\repository\org\apache\httpcomponents\httpclient\4.3.6\httpclient-4.3.6.jar, C:\Users\Administrator\.m2\repository\org\apache\httpcomponents\httpcore\4.3.3\httpcore-4.3.3.jar, C:\Users\Administrator\.m2\repository\org\seleniumhq\selenium\selenium-firefox-driver\2.45.0\selenium-firefox-driver-2.45.0.jar, C:\Users\Administrator\.m2\repository\commons-io\commons-io\2.4\commons-io-2.4.jar, C:\Users\Administrator\.m2\repository\org\apache\commons\commons-exec\1.1\commons-exec-1.1.jar, C:\Users\Administrator\.m2\repository\org\seleniumhq\selenium\selenium-ie-driver\2.45.0\selenium-ie-driver-2.45.0.jar, C:\Users\Administrator\.m2\repository\net\java\dev\jna\jna\3.4.0\jna-3.4.0.jar, C:\Users\Administrator\.m2\repository\net\java\dev\jna\platform\3.4.0\platform-3.4.0.jar, C:\Users\Administrator\.m2\repository\org\seleniumhq\selenium\selenium-safari-driver\2.45.0\selenium-safari-driver-2.45.0.jar, C:\Users\Administrator\.m2\repository\org\seleniumhq\selenium\selenium-support\2.45.0\selenium-support-2.45.0.jar, C:\Users\Administrator\.m2\repository\org\webbitserver\webbit\0.4.14\webbit-0.4.14.jar, C:\Users\Administrator\.m2\repository\io\netty\netty\3.5.2.Final\netty-3.5.2.Final.jar, C:\Users\Administrator\.m2\repository\org\seleniumhq\selenium\selenium-leg-rc\2.45.0\selenium-leg-rc-2.45.0.jar, C:\Users\Administrator\.m2\repository\org\testng\testng\6.14.3\testng-6.14.3.jar, C:\Users\Administrator\.m2\repository\org\apache-extras\beanshell\bsh\2.0b6\bsh-2.0b6.jar, C:\Users\Administrator\.m2\repository\org\uncommons\reportng\1.1.2\reportng-1.1.2.jar, C:\Users\Administrator\.m2\repository\velocity\velocity\1.4\velocity-1.4.jar, C:\Users\Administrator\.m2\repository\velocity\velocity-dep\1.4\velocity-dep-1.4.jar, C:\Users\Administrator\.m2\repository\com\beust\jcommander\1.27\jcommander-1.27.jar]
[DEBUG]   (f) useIncrementalCompilation = true
[DEBUG]   (f) verbose = false
[DEBUG] -- end configuration --
[DEBUG] Using compiler 'javac'.
[DEBUG] Adding C:\jenkins\workspace\softw-test\target\generated-test-sources\test-annotations to test-compile source roots:
  C:\jenkins\workspace\softw-test\src\test\java
[DEBUG] New test-compile source roots:
  C:\jenkins\workspace\softw-test\src\test\java
  C:\jenkins\workspace\softw-test\target\generated-test-sources\test-annotations
[DEBUG] CompilerReuseStrategy: reuseCreated
[DEBUG] useIncrementalCompilation enabled
[DEBUG] Stale source detected: C:\jenkins\workspace\softw-test\src\test\java\DevOPS\devOPS\Variables.java
[INFO] Changes detected - recompiling the module!
[DEBUG] Classpath:
[DEBUG]  C:\jenkins\workspace\softw-test\target\test-classes
[DEBUG]  C:\jenkins\workspace\softw-test\target\classes
[DEBUG]  C:\Users\Administrator\.m2\repository\junit\junit\4.11\junit-4.11.jar
[DEBUG]  C:\Users\Administrator\.m2\repository\org\hamcrest\hamcrest-core\1.3\hamcrest-core-1.3.jar
[DEBUG]  C:\Users\Administrator\.m2\repository\org\seleniumhq\selenium\selenium-java\2.45.0\selenium-java-2.45.0.jar
[DEBUG]  C:\Users\Administrator\.m2\repository\org\seleniumhq\selenium\selenium-chrome-driver\2.45.0\selenium-chrome-driver-2.45.0.jar
[DEBUG]  C:\Users\Administrator\.m2\repository\org\seleniumhq\selenium\selenium-remote-driver\2.45.0\selenium-remote-driver-2.45.0.jar
[DEBUG]  C:\Users\Administrator\.m2\repository\cglib\cglib-nodep\2.1_3\cglib-nodep-2.1_3.jar
[DEBUG]  C:\Users\Administrator\.m2\repository\com\google\code\gson\gson\2.3.1\gson-2.3.1.jar
[DEBUG]  C:\Users\Administrator\.m2\repository\org\seleniumhq\selenium\selenium-api\2.45.0\selenium-api-2.45.0.jar
[DEBUG]  C:\Users\Administrator\.m2\repository\com\google\guava\guava\18.0\guava-18.0.jar
[DEBUG]  C:\Users\Administrator\.m2\repository\org\seleniumhq\selenium\selenium-htmlunit-driver\2.45.0\selenium-htmlunit-driver-2.45.0.jar
[DEBUG]  C:\Users\Administrator\.m2\repository\net\sourceforge\htmlunit\htmlunit\2.15\htmlunit-2.15.jar
[DEBUG]  C:\Users\Administrator\.m2\repository\xalan\xalan\2.7.1\xalan-2.7.1.jar
[DEBUG]  C:\Users\Administrator\.m2\repository\xalan\serializer\2.7.1\serializer-2.7.1.jar
[DEBUG]  C:\Users\Administrator\.m2\repository\commons-collections\commons-collections\3.2.1\commons-collections-3.2.1.jar
[DEBUG]  C:\Users\Administrator\.m2\repository\org\apache\commons\commons-lang3\3.3.2\commons-lang3-3.3.2.jar
[DEBUG]  C:\Users\Administrator\.m2\repository\org\apache\httpcomponents\httpmime\4.3.3\httpmime-4.3.3.jar
[DEBUG]  C:\Users\Administrator\.m2\repository\commons-codec\commons-codec\1.9\commons-codec-1.9.jar
[DEBUG]  C:\Users\Administrator\.m2\repository\net\sourceforge\htmlunit\htmlunit-core-js\2.15\htmlunit-core-js-2.15.jar
[DEBUG]  C:\Users\Administrator\.m2\repository\xerces\xercesImpl\2.11.0\xercesImpl-2.11.0.jar
[DEBUG]  C:\Users\Administrator\.m2\repository\xml-apis\xml-apis\1.4.01\xml-apis-1.4.01.jar
[DEBUG]  C:\Users\Administrator\.m2\repository\net\sourceforge\nekohtml\nekohtml\1.9.21\nekohtml-1.9.21.jar
[DEBUG]  C:\Users\Administrator\.m2\repository\net\sourceforge\cssparser\cssparser\0.9.14\cssparser-0.9.14.jar
[DEBUG]  C:\Users\Administrator\.m2\repository\org\w3c\css\sac\1.3\sac-1.3.jar
[DEBUG]  C:\Users\Administrator\.m2\repository\commons-logging\commons-logging\1.1.3\commons-logging-1.1.3.jar
[DEBUG]  C:\Users\Administrator\.m2\repository\org\eclipse\jetty\jetty-websocket\8.1.15.v20140411\jetty-websocket-8.1.15.v20140411.jar
[DEBUG]  C:\Users\Administrator\.m2\repository\org\eclipse\jetty\jetty-util\8.1.15.v20140411\jetty-util-8.1.15.v20140411.jar
[DEBUG]  C:\Users\Administrator\.m2\repository\org\eclipse\jetty\jetty-io\8.1.15.v20140411\jetty-io-8.1.15.v20140411.jar
[DEBUG]  C:\Users\Administrator\.m2\repository\org\eclipse\jetty\jetty-http\8.1.15.v20140411\jetty-http-8.1.15.v20140411.jar
[DEBUG]  C:\Users\Administrator\.m2\repository\org\apache\httpcomponents\httpclient\4.3.6\httpclient-4.3.6.jar
[DEBUG]  C:\Users\Administrator\.m2\repository\org\apache\httpcomponents\httpcore\4.3.3\httpcore-4.3.3.jar
[DEBUG]  C:\Users\Administrator\.m2\repository\org\seleniumhq\selenium\selenium-firefox-driver\2.45.0\selenium-firefox-driver-2.45.0.jar
[DEBUG]  C:\Users\Administrator\.m2\repository\commons-io\commons-io\2.4\commons-io-2.4.jar
[DEBUG]  C:\Users\Administrator\.m2\repository\org\apache\commons\commons-exec\1.1\commons-exec-1.1.jar
[DEBUG]  C:\Users\Administrator\.m2\repository\org\seleniumhq\selenium\selenium-ie-driver\2.45.0\selenium-ie-driver-2.45.0.jar
[DEBUG]  C:\Users\Administrator\.m2\repository\net\java\dev\jna\jna\3.4.0\jna-3.4.0.jar
[DEBUG]  C:\Users\Administrator\.m2\repository\net\java\dev\jna\platform\3.4.0\platform-3.4.0.jar
[DEBUG]  C:\Users\Administrator\.m2\repository\org\seleniumhq\selenium\selenium-safari-driver\2.45.0\selenium-safari-driver-2.45.0.jar
[DEBUG]  C:\Users\Administrator\.m2\repository\org\seleniumhq\selenium\selenium-support\2.45.0\selenium-support-2.45.0.jar
[DEBUG]  C:\Users\Administrator\.m2\repository\org\webbitserver\webbit\0.4.14\webbit-0.4.14.jar
[DEBUG]  C:\Users\Administrator\.m2\repository\io\netty\netty\3.5.2.Final\netty-3.5.2.Final.jar
[DEBUG]  C:\Users\Administrator\.m2\repository\org\seleniumhq\selenium\selenium-leg-rc\2.45.0\selenium-leg-rc-2.45.0.jar
[DEBUG]  C:\Users\Administrator\.m2\repository\org\testng\testng\6.14.3\testng-6.14.3.jar
[DEBUG]  C:\Users\Administrator\.m2\repository\org\apache-extras\beanshell\bsh\2.0b6\bsh-2.0b6.jar
[DEBUG]  C:\Users\Administrator\.m2\repository\org\uncommons\reportng\1.1.2\reportng-1.1.2.jar
[DEBUG]  C:\Users\Administrator\.m2\repository\velocity\velocity\1.4\velocity-1.4.jar
[DEBUG]  C:\Users\Administrator\.m2\repository\velocity\velocity-dep\1.4\velocity-dep-1.4.jar
[DEBUG]  C:\Users\Administrator\.m2\repository\com\beust\jcommander\1.27\jcommander-1.27.jar
[DEBUG] Source roots:
[DEBUG]  C:\jenkins\workspace\softw-test\src\test\java
[DEBUG]  C:\jenkins\workspace\softw-test\target\generated-test-sources\test-annotations
[DEBUG] Command line options:
[DEBUG] -d C:\jenkins\workspace\softw-test\target\test-classes -classpath C:\jenkins\workspace\softw-test\target\test-classes;C:\jenkins\workspace\softw-test\target\classes;C:\Users\Administrator\.m2\repository\junit\junit\4.11\junit-4.11.jar;C:\Users\Administrator\.m2\repository\org\hamcrest\hamcrest-core\1.3\hamcrest-core-1.3.jar;C:\Users\Administrator\.m2\repository\org\seleniumhq\selenium\selenium-java\2.45.0\selenium-java-2.45.0.jar;C:\Users\Administrator\.m2\repository\org\seleniumhq\selenium\selenium-chrome-driver\2.45.0\selenium-chrome-driver-2.45.0.jar;C:\Users\Administrator\.m2\repository\org\seleniumhq\selenium\selenium-remote-driver\2.45.0\selenium-remote-driver-2.45.0.jar;C:\Users\Administrator\.m2\repository\cglib\cglib-nodep\2.1_3\cglib-nodep-2.1_3.jar;C:\Users\Administrator\.m2\repository\com\google\code\gson\gson\2.3.1\gson-2.3.1.jar;C:\Users\Administrator\.m2\repository\org\seleniumhq\selenium\selenium-api\2.45.0\selenium-api-2.45.0.jar;C:\Users\Administrator\.m2\repository\com\google\guava\guava\18.0\guava-18.0.jar;C:\Users\Administrator\.m2\repository\org\seleniumhq\selenium\selenium-htmlunit-driver\2.45.0\selenium-htmlunit-driver-2.45.0.jar;C:\Users\Administrator\.m2\repository\net\sourceforge\htmlunit\htmlunit\2.15\htmlunit-2.15.jar;C:\Users\Administrator\.m2\repository\xalan\xalan\2.7.1\xalan-2.7.1.jar;C:\Users\Administrator\.m2\repository\xalan\serializer\2.7.1\serializer-2.7.1.jar;C:\Users\Administrator\.m2\repository\commons-collections\commons-collections\3.2.1\commons-collections-3.2.1.jar;C:\Users\Administrator\.m2\repository\org\apache\commons\commons-lang3\3.3.2\commons-lang3-3.3.2.jar;C:\Users\Administrator\.m2\repository\org\apache\httpcomponents\httpmime\4.3.3\httpmime-4.3.3.jar;C:\Users\Administrator\.m2\repository\commons-codec\commons-codec\1.9\commons-codec-1.9.jar;C:\Users\Administrator\.m2\repository\net\sourceforge\htmlunit\htmlunit-core-js\2.15\htmlunit-core-js-2.15.jar;C:\Users\Administrator\.m2\repository\xerces\xercesImpl\2.11.0\xercesImpl-2.11.0.jar;C:\Users\Administrator\.m2\repository\xml-apis\xml-apis\1.4.01\xml-apis-1.4.01.jar;C:\Users\Administrator\.m2\repository\net\sourceforge\nekohtml\nekohtml\1.9.21\nekohtml-1.9.21.jar;C:\Users\Administrator\.m2\repository\net\sourceforge\cssparser\cssparser\0.9.14\cssparser-0.9.14.jar;C:\Users\Administrator\.m2\repository\org\w3c\css\sac\1.3\sac-1.3.jar;C:\Users\Administrator\.m2\repository\commons-logging\commons-logging\1.1.3\commons-logging-1.1.3.jar;C:\Users\Administrator\.m2\repository\org\eclipse\jetty\jetty-websocket\8.1.15.v20140411\jetty-websocket-8.1.15.v20140411.jar;C:\Users\Administrator\.m2\repository\org\eclipse\jetty\jetty-util\8.1.15.v20140411\jetty-util-8.1.15.v20140411.jar;C:\Users\Administrator\.m2\repository\org\eclipse\jetty\jetty-io\8.1.15.v20140411\jetty-io-8.1.15.v20140411.jar;C:\Users\Administrator\.m2\repository\org\eclipse\jetty\jetty-http\8.1.15.v20140411\jetty-http-8.1.15.v20140411.jar;C:\Users\Administrator\.m2\repository\org\apache\httpcomponents\httpclient\4.3.6\httpclient-4.3.6.jar;C:\Users\Administrator\.m2\repository\org\apache\httpcomponents\httpcore\4.3.3\httpcore-4.3.3.jar;C:\Users\Administrator\.m2\repository\org\seleniumhq\selenium\selenium-firefox-driver\2.45.0\selenium-firefox-driver-2.45.0.jar;C:\Users\Administrator\.m2\repository\commons-io\commons-io\2.4\commons-io-2.4.jar;C:\Users\Administrator\.m2\repository\org\apache\commons\commons-exec\1.1\commons-exec-1.1.jar;C:\Users\Administrator\.m2\repository\org\seleniumhq\selenium\selenium-ie-driver\2.45.0\selenium-ie-driver-2.45.0.jar;C:\Users\Administrator\.m2\repository\net\java\dev\jna\jna\3.4.0\jna-3.4.0.jar;C:\Users\Administrator\.m2\repository\net\java\dev\jna\platform\3.4.0\platform-3.4.0.jar;C:\Users\Administrator\.m2\repository\org\seleniumhq\selenium\selenium-safari-driver\2.45.0\selenium-safari-driver-2.45.0.jar;C:\Users\Administrator\.m2\repository\org\seleniumhq\selenium\selenium-support\2.45.0\selenium-support-2.45.0.jar;C:\Users\Administrator\.m2\repository\org\webbitserver\webbit\0.4.14\webbit-0.4.14.jar;C:\Users\Administrator\.m2\repository\io\netty\netty\3.5.2.Final\netty-3.5.2.Final.jar;C:\Users\Administrator\.m2\repository\org\seleniumhq\selenium\selenium-leg-rc\2.45.0\selenium-leg-rc-2.45.0.jar;C:\Users\Administrator\.m2\repository\org\testng\testng\6.14.3\testng-6.14.3.jar;C:\Users\Administrator\.m2\repository\org\apache-extras\beanshell\bsh\2.0b6\bsh-2.0b6.jar;C:\Users\Administrator\.m2\repository\org\uncommons\reportng\1.1.2\reportng-1.1.2.jar;C:\Users\Administrator\.m2\repository\velocity\velocity\1.4\velocity-1.4.jar;C:\Users\Administrator\.m2\repository\velocity\velocity-dep\1.4\velocity-dep-1.4.jar;C:\Users\Administrator\.m2\repository\com\beust\jcommander\1.27\jcommander-1.27.jar; -sourcepath C:\jenkins\workspace\softw-test\src\test\java;C:\jenkins\workspace\softw-test\target\generated-test-sources\test-annotations; -s C:\jenkins\workspace\softw-test\target\generated-test-sources\test-annotations -g -nowarn -target 1.7 -source 1.7 -encoding UTF-8
[DEBUG] incrementalBuildHelper#beforeRebuildExecution
[INFO] Compiling 6 source files to C:\jenkins\workspace\softw-test\target\test-classes
[DEBUG] incrementalBuildHelper#afterRebuildExecution
[INFO] 
[INFO] --- surefire:2.20.1:test (default-test) @ devOPS ---
[DEBUG] Using mirror maven-default-http-blocker (http://0.0.0.0/) for snapshots (http://snapshots.maven.codehaus.org/maven2).
[DEBUG] Using mirror maven-default-http-blocker (http://0.0.0.0/) for central (http://repo1.maven.org/maven2).
[DEBUG] Dependency collection stats {ConflictMarker.analyzeTime=473200, ConflictMarker.markTime=114000, ConflictMarker.nodeCount=111, ConflictIdSorter.graphTime=248200, ConflictIdSorter.topsortTime=51300, ConflictIdSorter.conflictIdCount=34, ConflictIdSorter.conflictIdCycleCount=0, ConflictResolver.totalTime=1412400, ConflictResolver.conflictItemCount=76, DfDependencyCollector.collectTime=750719900, DfDependencyCollector.transformTime=2341199}
[DEBUG] org.apache.maven.plugins:maven-surefire-plugin:jar:2.20.1
[DEBUG]    org.apache.maven.surefire:maven-surefire-common:jar:2.20.1:compile
[DEBUG]       org.apache.maven:maven-plugin-api:jar:2.2.1:compile (version managed from default)
[DEBUG]       org.apache.maven.plugin-tools:maven-plugin-annotations:jar:3.3:compile (scope managed from default) (version managed from default)
[DEBUG]       org.apache.maven.surefire:surefire-api:jar:2.20.1:compile (version managed from default)
[DEBUG]          org.apache.maven.surefire:surefire-logger-api:jar:2.20.1:compile (version managed from default)
[DEBUG]       org.apache.maven.surefire:surefire-booter:jar:2.20.1:compile (version managed from default)
[DEBUG]       org.apache.maven:maven-artifact:jar:2.2.1:compile (version managed from default)
[DEBUG]          org.codehaus.plexus:plexus-utils:jar:1.5.15:compile
[DEBUG]       org.apache.maven:maven-plugin-descriptor:jar:2.2.1:compile (version managed from default)
[DEBUG]          org.codehaus.plexus:plexus-container-default:jar:1.0-alpha-9-stable-1:compile
[DEBUG]             junit:junit:jar:4.12:compile (version managed from default)
[DEBUG]                org.hamcrest:hamcrest-core:jar:1.3:compile
[DEBUG]       org.apache.maven:maven-project:jar:2.2.1:compile (version managed from default)
[DEBUG]          org.apache.maven:maven-settings:jar:2.2.1:compile (version managed from default)
[DEBUG]          org.apache.maven:maven-profile:jar:2.2.1:compile
[DEBUG]          org.apache.maven:maven-artifact-manager:jar:2.2.1:compile
[DEBUG]             backport-util-concurrent:backport-util-concurrent:jar:3.1:compile
[DEBUG]          org.apache.maven:maven-plugin-registry:jar:2.2.1:compile
[DEBUG]          org.codehaus.plexus:plexus-interpolation:jar:1.11:compile
[DEBUG]       org.apache.maven:maven-model:jar:2.2.1:compile (version managed from default)
[DEBUG]       org.apache.maven:maven-core:jar:2.2.1:compile (version managed from default) (exclusions managed from default)
[DEBUG]          org.apache.maven:maven-plugin-parameter-documenter:jar:2.2.1:compile
[DEBUG]          org.slf4j:slf4j-jdk14:jar:1.5.6:runtime
[DEBUG]             org.slf4j:slf4j-api:jar:1.5.6:runtime
[DEBUG]          org.slf4j:jcl-over-slf4j:jar:1.5.6:runtime
[DEBUG]          org.apache.maven.reporting:maven-reporting-api:jar:3.0:compile (version managed from default)
[DEBUG]          org.apache.maven:maven-repository-metadata:jar:2.2.1:compile
[DEBUG]          org.apache.maven:maven-error-diagnostics:jar:2.2.1:compile
[DEBUG]          org.apache.maven:maven-monitor:jar:2.2.1:compile
[DEBUG]          classworlds:classworlds:jar:1.1:compile
[DEBUG]          org.sonatype.plexus:plexus-sec-dispatcher:jar:1.3:compile
[DEBUG]             org.sonatype.plexus:plexus-cipher:jar:1.4:compile
[DEBUG]       org.apache.maven:maven-toolchain:jar:2.2.1:compile (version managed from default)
[DEBUG] Created new class realm plugin>org.apache.maven.plugins:maven-surefire-plugin:2.20.1
[DEBUG] Importing foreign packages into class realm plugin>org.apache.maven.plugins:maven-surefire-plugin:2.20.1
[DEBUG]   Imported:  < maven.api
[DEBUG] Populating class realm plugin>org.apache.maven.plugins:maven-surefire-plugin:2.20.1
[DEBUG]   Included: org.apache.maven.plugins:maven-surefire-plugin:jar:2.20.1
[DEBUG]   Included: org.apache.maven.surefire:maven-surefire-common:jar:2.20.1
[DEBUG]   Included: org.apache.maven.plugin-tools:maven-plugin-annotations:jar:3.3
[DEBUG]   Included: org.apache.maven.surefire:surefire-api:jar:2.20.1
[DEBUG]   Included: org.apache.maven.surefire:surefire-logger-api:jar:2.20.1
[DEBUG]   Included: org.apache.maven.surefire:surefire-booter:jar:2.20.1
[DEBUG]   Included: org.codehaus.plexus:plexus-utils:jar:1.5.15
[DEBUG]   Included: junit:junit:jar:4.12
[DEBUG]   Included: org.hamcrest:hamcrest-core:jar:1.3
[DEBUG]   Included: backport-util-concurrent:backport-util-concurrent:jar:3.1
[DEBUG]   Included: org.codehaus.plexus:plexus-interpolation:jar:1.11
[DEBUG]   Included: org.slf4j:slf4j-jdk14:jar:1.5.6
[DEBUG]   Included: org.slf4j:jcl-over-slf4j:jar:1.5.6
[DEBUG]   Included: org.apache.maven.reporting:maven-reporting-api:jar:3.0
[DEBUG]   Included: org.sonatype.plexus:plexus-sec-dispatcher:jar:1.3
[DEBUG]   Included: org.sonatype.plexus:plexus-cipher:jar:1.4
[DEBUG] Loading mojo org.apache.maven.plugins:maven-surefire-plugin:2.20.1:test from plugin realm ClassRealm[plugin>org.apache.maven.plugins:maven-surefire-plugin:2.20.1, parent: jdk.internal.loader.ClassLoaders$AppClassLoader@c387f44]
[DEBUG] Configuring mojo execution 'org.apache.maven.plugins:maven-surefire-plugin:2.20.1:test:default-test' with basic configurator -->
[DEBUG]   (s) additionalClasspathElements = []
[DEBUG]   (s) basedir = C:\jenkins\workspace\softw-test
[DEBUG]   (s) childDelegation = false
[DEBUG]   (s) classesDirectory = C:\jenkins\workspace\softw-test\target\classes
[DEBUG]   (s) classpathDependencyExcludes = []
[DEBUG]   (s) dependenciesToScan = []
[DEBUG]   (s) disableXmlReport = false
[DEBUG]   (s) enableAssertions = true
[DEBUG]   (f) forkCount = 1
[DEBUG]   (s) forkMode = once
[DEBUG]   (s) forkedProcessExitTimeoutInSeconds = 30
[DEBUG]   (s) junitArtifactName = junit:junit
[DEBUG]   (s) localRepository =       id: local
      url: file:///C:/Users/Administrator/.m2/repository/
   layout: default
snapshots: [enabled => true, update => always]
 releases: [enabled => true, update => always]
   blocked: false

[DEBUG]   (f) parallelMavenExecution = false
[DEBUG]   (s) parallelOptimized = true
[DEBUG]   (s) perCoreThreadCount = true
[DEBUG]   (s) pluginArtifactMap = {org.apache.maven.plugins:maven-surefire-plugin=org.apache.maven.plugins:maven-surefire-plugin:maven-plugin:2.20.1:, org.apache.maven.surefire:maven-surefire-common=org.apache.maven.surefire:maven-surefire-common:jar:2.20.1:compile, org.apache.maven:maven-plugin-api=org.apache.maven:maven-plugin-api:jar:2.2.1:compile, org.apache.maven.plugin-tools:maven-plugin-annotations=org.apache.maven.plugin-tools:maven-plugin-annotations:jar:3.3:compile, org.apache.maven.surefire:surefire-api=org.apache.maven.surefire:surefire-api:jar:2.20.1:compile, org.apache.maven.surefire:surefire-logger-api=org.apache.maven.surefire:surefire-logger-api:jar:2.20.1:compile, org.apache.maven.surefire:surefire-booter=org.apache.maven.surefire:surefire-booter:jar:2.20.1:compile, org.apache.maven:maven-artifact=org.apache.maven:maven-artifact:jar:2.2.1:compile, org.codehaus.plexus:plexus-utils=org.codehaus.plexus:plexus-utils:jar:1.5.15:compile, org.apache.maven:maven-plugin-descriptor=org.apache.maven:maven-plugin-descriptor:jar:2.2.1:compile, org.codehaus.plexus:plexus-container-default=org.codehaus.plexus:plexus-container-default:jar:1.0-alpha-9-stable-1:compile, junit:junit=junit:junit:jar:4.12:compile, org.hamcrest:hamcrest-core=org.hamcrest:hamcrest-core:jar:1.3:compile, org.apache.maven:maven-project=org.apache.maven:maven-project:jar:2.2.1:compile, org.apache.maven:maven-settings=org.apache.maven:maven-settings:jar:2.2.1:compile, org.apache.maven:maven-profile=org.apache.maven:maven-profile:jar:2.2.1:compile, org.apache.maven:maven-artifact-manager=org.apache.maven:maven-artifact-manager:jar:2.2.1:compile, backport-util-concurrent:backport-util-concurrent=backport-util-concurrent:backport-util-concurrent:jar:3.1:compile, org.apache.maven:maven-plugin-registry=org.apache.maven:maven-plugin-registry:jar:2.2.1:compile, org.codehaus.plexus:plexus-interpolation=org.codehaus.plexus:plexus-interpolation:jar:1.11:compile, org.apache.maven:maven-model=org.apache.maven:maven-model:jar:2.2.1:compile, org.apache.maven:maven-core=org.apache.maven:maven-core:jar:2.2.1:compile, org.apache.maven:maven-plugin-parameter-documenter=org.apache.maven:maven-plugin-parameter-documenter:jar:2.2.1:compile, org.slf4j:slf4j-jdk14=org.slf4j:slf4j-jdk14:jar:1.5.6:runtime, org.slf4j:slf4j-api=org.slf4j:slf4j-api:jar:1.5.6:runtime, org.slf4j:jcl-over-slf4j=org.slf4j:jcl-over-slf4j:jar:1.5.6:runtime, org.apache.maven.reporting:maven-reporting-api=org.apache.maven.reporting:maven-reporting-api:jar:3.0:compile, org.apache.maven:maven-repository-metadata=org.apache.maven:maven-repository-metadata:jar:2.2.1:compile, org.apache.maven:maven-error-diagnostics=org.apache.maven:maven-error-diagnostics:jar:2.2.1:compile, org.apache.maven:maven-monitor=org.apache.maven:maven-monitor:jar:2.2.1:compile, classworlds:classworlds=classworlds:classworlds:jar:1.1:compile, org.sonatype.plexus:plexus-sec-dispatcher=org.sonatype.plexus:plexus-sec-dispatcher:jar:1.3:compile, org.sonatype.plexus:plexus-cipher=org.sonatype.plexus:plexus-cipher:jar:1.4:compile, org.apache.maven:maven-toolchain=org.apache.maven:maven-toolchain:jar:2.2.1:compile}
[DEBUG]   (f) pluginDescriptor = Component Descriptor: role: 'org.apache.maven.plugin.Mojo', implementation: 'org.apache.maven.plugin.surefire.HelpMojo', role hint: 'org.apache.maven.plugins:maven-surefire-plugin:2.20.1:help'
role: 'org.apache.maven.plugin.Mojo', implementation: 'org.apache.maven.plugin.surefire.SurefirePlugin', role hint: 'org.apache.maven.plugins:maven-surefire-plugin:2.20.1:test'
---
[DEBUG]   (s) printSummary = true
[DEBUG]   (s) projectArtifactMap = {junit:junit=junit:junit:jar:4.11:test, org.hamcrest:hamcrest-core=org.hamcrest:hamcrest-core:jar:1.3:test, org.seleniumhq.selenium:selenium-java=org.seleniumhq.selenium:selenium-java:jar:2.45.0:compile, org.seleniumhq.selenium:selenium-chrome-driver=org.seleniumhq.selenium:selenium-chrome-driver:jar:2.45.0:compile, org.seleniumhq.selenium:selenium-remote-driver=org.seleniumhq.selenium:selenium-remote-driver:jar:2.45.0:compile, cglib:cglib-nodep=cglib:cglib-nodep:jar:2.1_3:compile, com.google.code.gson:gson=com.google.code.gson:gson:jar:2.3.1:compile, org.seleniumhq.selenium:selenium-api=org.seleniumhq.selenium:selenium-api:jar:2.45.0:compile, com.google.guava:guava=com.google.guava:guava:jar:18.0:compile, org.seleniumhq.selenium:selenium-htmlunit-driver=org.seleniumhq.selenium:selenium-htmlunit-driver:jar:2.45.0:compile, net.sourceforge.htmlunit:htmlunit=net.sourceforge.htmlunit:htmlunit:jar:2.15:compile, xalan:xalan=xalan:xalan:jar:2.7.1:compile, xalan:serializer=xalan:serializer:jar:2.7.1:compile, commons-collections:commons-collections=commons-collections:commons-collections:jar:3.2.1:compile, org.apache.commons:commons-lang3=org.apache.commons:commons-lang3:jar:3.3.2:compile, org.apache.httpcomponents:httpmime=org.apache.httpcomponents:httpmime:jar:4.3.3:compile, commons-codec:commons-codec=commons-codec:commons-codec:jar:1.9:compile, net.sourceforge.htmlunit:htmlunit-core-js=net.sourceforge.htmlunit:htmlunit-core-js:jar:2.15:compile, xerces:xercesImpl=xerces:xercesImpl:jar:2.11.0:compile, xml-apis:xml-apis=xml-apis:xml-apis:jar:1.4.01:compile, net.sourceforge.nekohtml:nekohtml=net.sourceforge.nekohtml:nekohtml:jar:1.9.21:compile, net.sourceforge.cssparser:cssparser=net.sourceforge.cssparser:cssparser:jar:0.9.14:compile, org.w3c.css:sac=org.w3c.css:sac:jar:1.3:compile, commons-logging:commons-logging=commons-logging:commons-logging:jar:1.1.3:compile, org.eclipse.jetty:jetty-websocket=org.eclipse.jetty:jetty-websocket:jar:8.1.15.v20140411:compile, org.eclipse.jetty:jetty-util=org.eclipse.jetty:jetty-util:jar:8.1.15.v20140411:compile, org.eclipse.jetty:jetty-io=org.eclipse.jetty:jetty-io:jar:8.1.15.v20140411:compile, org.eclipse.jetty:jetty-http=org.eclipse.jetty:jetty-http:jar:8.1.15.v20140411:compile, org.apache.httpcomponents:httpclient=org.apache.httpcomponents:httpclient:jar:4.3.6:compile, org.apache.httpcomponents:httpcore=org.apache.httpcomponents:httpcore:jar:4.3.3:compile, org.seleniumhq.selenium:selenium-firefox-driver=org.seleniumhq.selenium:selenium-firefox-driver:jar:2.45.0:compile, commons-io:commons-io=commons-io:commons-io:jar:2.4:compile, org.apache.commons:commons-exec=org.apache.commons:commons-exec:jar:1.1:compile, org.seleniumhq.selenium:selenium-ie-driver=org.seleniumhq.selenium:selenium-ie-driver:jar:2.45.0:compile, net.java.dev.jna:jna=net.java.dev.jna:jna:jar:3.4.0:compile, net.java.dev.jna:platform=net.java.dev.jna:platform:jar:3.4.0:compile, org.seleniumhq.selenium:selenium-safari-driver=org.seleniumhq.selenium:selenium-safari-driver:jar:2.45.0:compile, org.seleniumhq.selenium:selenium-support=org.seleniumhq.selenium:selenium-support:jar:2.45.0:compile, org.webbitserver:webbit=org.webbitserver:webbit:jar:0.4.14:compile, io.netty:netty=io.netty:netty:jar:3.5.2.Final:compile, org.seleniumhq.selenium:selenium-leg-rc=org.seleniumhq.selenium:selenium-leg-rc:jar:2.45.0:compile, org.testng:testng=org.testng:testng:jar:6.14.3:test, org.apache-extras.beanshell:bsh=org.apache-extras.beanshell:bsh:jar:2.0b6:test, org.uncommons:reportng=org.uncommons:reportng:jar:1.1.2:test, velocity:velocity=velocity:velocity:jar:1.4:test, velocity:velocity-dep=velocity:velocity-dep:jar:1.4:test, com.beust:jcommander=com.beust:jcommander:jar:1.27:compile}
[DEBUG]   (s) projectBuildDirectory = C:\jenkins\workspace\softw-test\target
[DEBUG]   (s) redirectTestOutputToFile = false
[DEBUG]   (s) remoteRepositories = [      id: central
      url: https://repo.maven.apache.org/maven2
   layout: default
snapshots: [enabled => false, update => daily]
 releases: [enabled => true, update => daily]
   blocked: false
]
[DEBUG]   (s) reportFormat = brief
[DEBUG]   (s) reportsDirectory = C:\jenkins\workspace\softw-test\target\surefire-reports
[DEBUG]   (f) rerunFailingTestsCount = 0
[DEBUG]   (f) reuseForks = true
[DEBUG]   (s) runOrder = filesystem
[DEBUG]   (f) shutdown = testset
[DEBUG]   (s) skip = false
[DEBUG]   (f) skipAfterFailureCount = 0
[DEBUG]   (s) skipTests = false
[DEBUG]   (s) suiteXmlFiles = [C:\jenkins\workspace\softw-test\testng.xml]
[DEBUG]   (s) tempDir = surefire
[DEBUG]   (s) testClassesDirectory = C:\jenkins\workspace\softw-test\target\test-classes
[DEBUG]   (s) testFailureIgnore = false
[DEBUG]   (s) testNGArtifactName = org.testng:testng
[DEBUG]   (s) testSourceDirectory = C:\jenkins\workspace\softw-test\src\test\java
[DEBUG]   (s) threadCountClasses = 0
[DEBUG]   (s) threadCountMethods = 0
[DEBUG]   (s) threadCountSuites = 0
[DEBUG]   (s) trimStackTrace = true
[DEBUG]   (s) useFile = true
[DEBUG]   (s) useManifestOnlyJar = true
[DEBUG]   (s) useSystemClassLoader = true
[DEBUG]   (s) useUnlimitedThreads = false
[DEBUG]   (s) workingDirectory = C:\jenkins\workspace\softw-test
[DEBUG]   (s) project = MavenProject: DevOPS:devOPS:0.0.1-SNAPSHOT @ C:\jenkins\workspace\softw-test\pom.xml
[DEBUG]   (s) session = org.apache.maven.execution.MavenSession@40e37b06
[DEBUG] -- end configuration --
[DEBUG] Surefire report directory: C:\jenkins\workspace\softw-test\target\surefire-reports
[DEBUG] Setting system property [basedir]=[C:\jenkins\workspace\softw-test]
[DEBUG] Setting system property [user.dir]=[C:\jenkins\workspace\softw-test]
[DEBUG] Setting system property [surefire.suitXmlFiles]=[testing.xml]
[DEBUG] Setting system property [localRepository]=[C:\Users\Administrator\.m2\repository]
[INFO] ------------------------------------------------------------------------
[INFO] BUILD FAILURE
[INFO] ------------------------------------------------------------------------
[INFO] Total time:  11.927 s
[INFO] Finished at: 2024-12-03T07:16:19Z
[INFO] ------------------------------------------------------------------------
[8mha:////4Hmhr9dnpe6gEu+IhZ9Or7ftMzlCGhpyoiUKt2P0Ys8SAAAAYB+LCAAAAAAAAP9b85aBtbiIQSmjNKU4P0+vJLE4u1gvPjexLDVPzxdEuhYV5Rf55Zek1m9pfpLfVWLNxMBQUcQgBdWQnJ9XnJ+TqucMoUEKGSCAEaSwAABqVhoSYAAAAA==[0m[ERROR] Failed to execute goal org.apache.maven.plugins:maven-surefire-plugin:2.20.1:test (default-test) on project devOPS: Execution default-test of goal org.apache.maven.plugins:maven-surefire-plugin:2.20.1:test failed: Cannot invoke "org.apache.maven.surefire.shade.org.apache.commons.lang3.JavaVersion.atLeast(org.apache.maven.surefire.shade.org.apache.commons.lang3.JavaVersion)" because "org.apache.maven.surefire.shade.org.apache.commons.lang3.SystemUtils.JAVA_SPECIFICATION_VERSION_AS_ENUM" is null -> [Help 1]
org.apache.maven.lifecycle.LifecycleExecutionException: Failed to execute goal org.apache.maven.plugins:maven-surefire-plugin:2.20.1:test (default-test) on project devOPS: Execution default-test of goal org.apache.maven.plugins:maven-surefire-plugin:2.20.1:test failed: Cannot invoke "org.apache.maven.surefire.shade.org.apache.commons.lang3.JavaVersion.atLeast(org.apache.maven.surefire.shade.org.apache.commons.lang3.JavaVersion)" because "org.apache.maven.surefire.shade.org.apache.commons.lang3.SystemUtils.JAVA_SPECIFICATION_VERSION_AS_ENUM" is null
    at org.apache.maven.lifecycle.internal.MojoExecutor.doExecute2 (MojoExecutor.java:333)
    at org.apache.maven.lifecycle.internal.MojoExecutor.doExecute (MojoExecutor.java:316)
    at org.apache.maven.lifecycle.internal.MojoExecutor.execute (MojoExecutor.java:212)
    at org.apache.maven.lifecycle.internal.MojoExecutor.execute (MojoExecutor.java:174)
    at org.apache.maven.lifecycle.internal.MojoExecutor.access$000 (MojoExecutor.java:75)
    at org.apache.maven.lifecycle.internal.MojoExecutor$1.run (MojoExecutor.java:162)
    at org.apache.maven.plugin.DefaultMojosExecutionStrategy.execute (DefaultMojosExecutionStrategy.java:39)
    at org.apache.maven.lifecycle.internal.MojoExecutor.execute (MojoExecutor.java:159)
    at org.apache.maven.lifecycle.internal.LifecycleModuleBuilder.buildProject (LifecycleModuleBuilder.java:105)
    at org.apache.maven.lifecycle.internal.LifecycleModuleBuilder.buildProject (LifecycleModuleBuilder.java:73)
    at org.apache.maven.lifecycle.internal.builder.singlethreaded.SingleThreadedBuilder.build (SingleThreadedBuilder.java:53)
    at org.apache.maven.lifecycle.internal.LifecycleStarter.execute (LifecycleStarter.java:118)
    at org.apache.maven.DefaultMaven.doExecute (DefaultMaven.java:261)
    at org.apache.maven.DefaultMaven.doExecute (DefaultMaven.java:173)
    at org.apache.maven.DefaultMaven.execute (DefaultMaven.java:101)
    at org.apache.maven.cli.MavenCli.execute (MavenCli.java:906)
    at org.apache.maven.cli.MavenCli.doMain (MavenCli.java:283)
    at org.apache.maven.cli.MavenCli.main (MavenCli.java:206)
    at jdk.internal.reflect.NativeMethodAccessorImpl.invoke0 (Native Method)
    at jdk.internal.reflect.NativeMethodAccessorImpl.invoke (NativeMethodAccessorImpl.java:77)
    at jdk.internal.reflect.DelegatingMethodAccessorImpl.invoke (DelegatingMethodAccessorImpl.java:43)
    at java.lang.reflect.Method.invoke (Method.java:569)
    at org.codehaus.plexus.classworlds.launcher.Launcher.launchEnhanced (Launcher.java:255)
    at org.codehaus.plexus.classworlds.launcher.Launcher.launch (Launcher.java:201)
    at org.codehaus.plexus.classworlds.launcher.Launcher.mainWithExitCode (Launcher.java:361)
    at org.codehaus.plexus.classworlds.launcher.Launcher.main (Launcher.java:314)
Caused by: org.apache.maven.plugin.PluginExecutionException: Execution default-test of goal org.apache.maven.plugins:maven-surefire-plugin:2.20.1:test failed: Cannot invoke "org.apache.maven.surefire.shade.org.apache.commons.lang3.JavaVersion.atLeast(org.apache.maven.surefire.shade.org.apache.commons.lang3.JavaVersion)" because "org.apache.maven.surefire.shade.org.apache.commons.lang3.SystemUtils.JAVA_SPECIFICATION_VERSION_AS_ENUM" is null
    at org.apache.maven.plugin.DefaultBuildPluginManager.executeMojo (DefaultBuildPluginManager.java:133)
    at org.apache.maven.lifecycle.internal.MojoExecutor.doExecute2 (MojoExecutor.java:328)
    at org.apache.maven.lifecycle.internal.MojoExecutor.doExecute (MojoExecutor.java:316)
    at org.apache.maven.lifecycle.internal.MojoExecutor.execute (MojoExecutor.java:212)
    at org.apache.maven.lifecycle.internal.MojoExecutor.execute (MojoExecutor.java:174)
    at org.apache.maven.lifecycle.internal.MojoExecutor.access$000 (MojoExecutor.java:75)
    at org.apache.maven.lifecycle.internal.MojoExecutor$1.run (MojoExecutor.java:162)
    at org.apache.maven.plugin.DefaultMojosExecutionStrategy.execute (DefaultMojosExecutionStrategy.java:39)
    at org.apache.maven.lifecycle.internal.MojoExecutor.execute (MojoExecutor.java:159)
    at org.apache.maven.lifecycle.internal.LifecycleModuleBuilder.buildProject (LifecycleModuleBuilder.java:105)
    at org.apache.maven.lifecycle.internal.LifecycleModuleBuilder.buildProject (LifecycleModuleBuilder.java:73)
    at org.apache.maven.lifecycle.internal.builder.singlethreaded.SingleThreadedBuilder.build (SingleThreadedBuilder.java:53)
    at org.apache.maven.lifecycle.internal.LifecycleStarter.execute (LifecycleStarter.java:118)
    at org.apache.maven.DefaultMaven.doExecute (DefaultMaven.java:261)
    at org.apache.maven.DefaultMaven.doExecute (DefaultMaven.java:173)
    at org.apache.maven.DefaultMaven.execute (DefaultMaven.java:101)
    at org.apache.maven.cli.MavenCli.execute (MavenCli.java:906)
    at org.apache.maven.cli.MavenCli.doMain (MavenCli.java:283)
    at org.apache.maven.cli.MavenCli.main (MavenCli.java:206)
    at jdk.internal.reflect.NativeMethodAccessorImpl.invoke0 (Native Method)
    at jdk.internal.reflect.NativeMethodAccessorImpl.invoke (NativeMethodAccessorImpl.java:77)
    at jdk.internal.reflect.DelegatingMethodAccessorImpl.invoke (DelegatingMethodAccessorImpl.java:43)
    at java.lang.reflect.Method.invoke (Method.java:569)
    at org.codehaus.plexus.classworlds.launcher.Launcher.launchEnhanced (Launcher.java:255)
    at org.codehaus.plexus.classworlds.launcher.Launcher.launch (Launcher.java:201)
    at org.codehaus.plexus.classworlds.launcher.Launcher.mainWithExitCode (Launcher.java:361)
    at org.codehaus.plexus.classworlds.launcher.Launcher.main (Launcher.java:314)
Caused by: java.lang.NullPointerException: Cannot invoke "org.apache.maven.surefire.shade.org.apache.commons.lang3.JavaVersion.atLeast(org.apache.maven.surefire.shade.org.apache.commons.lang3.JavaVersion)" because "org.apache.maven.surefire.shade.org.apache.commons.lang3.SystemUtils.JAVA_SPECIFICATION_VERSION_AS_ENUM" is null
    at org.apache.maven.surefire.shade.org.apache.commons.lang3.SystemUtils.isJavaVersionAtLeast (SystemUtils.java:1626)
    at org.apache.maven.plugin.surefire.AbstractSurefireMojo.createSurefireBootDirectoryInTemp (AbstractSurefireMojo.java:2904)
    at org.apache.maven.plugin.surefire.AbstractSurefireMojo.getSurefireTempDir (AbstractSurefireMojo.java:2129)
    at org.apache.maven.plugin.surefire.AbstractSurefireMojo.getForkConfiguration (AbstractSurefireMojo.java:1967)
    at org.apache.maven.plugin.surefire.AbstractSurefireMojo.executeProvider (AbstractSurefireMojo.java:1111)
    at org.apache.maven.plugin.surefire.AbstractSurefireMojo.executeAfterPreconditionsChecked (AbstractSurefireMojo.java:954)
    at org.apache.maven.plugin.surefire.AbstractSurefireMojo.execute (AbstractSurefireMojo.java:832)
    at org.apache.maven.plugin.DefaultBuildPluginManager.executeMojo (DefaultBuildPluginManager.java:126)
    at org.apache.maven.lifecycle.internal.MojoExecutor.doExecute2 (MojoExecutor.java:328)
    at org.apache.maven.lifecycle.internal.MojoExecutor.doExecute (MojoExecutor.java:316)
    at org.apache.maven.lifecycle.internal.MojoExecutor.execute (MojoExecutor.java:212)
    at org.apache.maven.lifecycle.internal.MojoExecutor.execute (MojoExecutor.java:174)
    at org.apache.maven.lifecycle.internal.MojoExecutor.access$000 (MojoExecutor.java:75)
    at org.apache.maven.lifecycle.internal.MojoExecutor$1.run (MojoExecutor.java:162)
    at org.apache.maven.plugin.DefaultMojosExecutionStrategy.execute (DefaultMojosExecutionStrategy.java:39)
    at org.apache.maven.lifecycle.internal.MojoExecutor.execute (MojoExecutor.java:159)
    at org.apache.maven.lifecycle.internal.LifecycleModuleBuilder.buildProject (LifecycleModuleBuilder.java:105)
    at org.apache.maven.lifecycle.internal.LifecycleModuleBuilder.buildProject (LifecycleModuleBuilder.java:73)
    at org.apache.maven.lifecycle.internal.builder.singlethreaded.SingleThreadedBuilder.build (SingleThreadedBuilder.java:53)
    at org.apache.maven.lifecycle.internal.LifecycleStarter.execute (LifecycleStarter.java:118)
    at org.apache.maven.DefaultMaven.doExecute (DefaultMaven.java:261)
    at org.apache.maven.DefaultMaven.doExecute (DefaultMaven.java:173)
    at org.apache.maven.DefaultMaven.execute (DefaultMaven.java:101)
    at org.apache.maven.cli.MavenCli.execute (MavenCli.java:906)
    at org.apache.maven.cli.MavenCli.doMain (MavenCli.java:283)
    at org.apache.maven.cli.MavenCli.main (MavenCli.java:206)
    at jdk.internal.reflect.NativeMethodAccessorImpl.invoke0 (Native Method)
    at jdk.internal.reflect.NativeMethodAccessorImpl.invoke (NativeMethodAccessorImpl.java:77)
    at jdk.internal.reflect.DelegatingMethodAccessorImpl.invoke (DelegatingMethodAccessorImpl.java:43)
    at java.lang.reflect.Method.invoke (Method.java:569)
    at org.codehaus.plexus.classworlds.launcher.Launcher.launchEnhanced (Launcher.java:255)
    at org.codehaus.plexus.classworlds.launcher.Launcher.launch (Launcher.java:201)
    at org.codehaus.plexus.classworlds.launcher.Launcher.mainWithExitCode (Launcher.java:361)
    at org.codehaus.plexus.classworlds.launcher.Launcher.main (Launcher.java:314)
[8mha:////4Hmhr9dnpe6gEu+IhZ9Or7ftMzlCGhpyoiUKt2P0Ys8SAAAAYB+LCAAAAAAAAP9b85aBtbiIQSmjNKU4P0+vJLE4u1gvPjexLDVPzxdEuhYV5Rf55Zek1m9pfpLfVWLNxMBQUcQgBdWQnJ9XnJ+TqucMoUEKGSCAEaSwAABqVhoSYAAAAA==[0m[ERROR] 
[8mha:////4Hmhr9dnpe6gEu+IhZ9Or7ftMzlCGhpyoiUKt2P0Ys8SAAAAYB+LCAAAAAAAAP9b85aBtbiIQSmjNKU4P0+vJLE4u1gvPjexLDVPzxdEuhYV5Rf55Zek1m9pfpLfVWLNxMBQUcQgBdWQnJ9XnJ+TqucMoUEKGSCAEaSwAABqVhoSYAAAAA==[0m[ERROR] 
[8mha:////4Hmhr9dnpe6gEu+IhZ9Or7ftMzlCGhpyoiUKt2P0Ys8SAAAAYB+LCAAAAAAAAP9b85aBtbiIQSmjNKU4P0+vJLE4u1gvPjexLDVPzxdEuhYV5Rf55Zek1m9pfpLfVWLNxMBQUcQgBdWQnJ9XnJ+TqucMoUEKGSCAEaSwAABqVhoSYAAAAA==[0m[ERROR] For more information about the errors and possible solutions, please read the following articles:
[8mha:////4Hmhr9dnpe6gEu+IhZ9Or7ftMzlCGhpyoiUKt2P0Ys8SAAAAYB+LCAAAAAAAAP9b85aBtbiIQSmjNKU4P0+vJLE4u1gvPjexLDVPzxdEuhYV5Rf55Zek1m9pfpLfVWLNxMBQUcQgBdWQnJ9XnJ+TqucMoUEKGSCAEaSwAABqVhoSYAAAAA==[0m[ERROR] [Help 1] http://cwiki.apache.org/confluence/display/MAVEN/PluginExecutionException
[DEBUG] Shutting down adapter factory; available factories [file-lock, rwlock-local, semaphore-local, noop]; available name mappers [discriminating, file-gav, file-hgav, file-static, gav, static]
[DEBUG] Shutting down 'file-lock' factory
[DEBUG] Shutting down 'rwlock-local' factory
[DEBUG] Shutting down 'semaphore-local' factory
[DEBUG] Shutting down 'noop' factory
Build step 'Invoke top-level Maven targets' marked build as failure
[Slack Notifications] found #5 as previous completed, non-aborted build
[Slack Notifications] will send OnEveryFailureNotification because build matches and user preferences allow it
Finished: FAILURE
